Warning: No PCF file specified; IO pins will be placed automatically

Info: Packing constants..
Info: Packing IOs..
Info: Packing LUT-FFs..
Info:      230 LCs used as LUT4 only
Info:      114 LCs used as LUT4 and DFF
Info: Packing non-LUT FFs..
Info:       87 LCs used as DFF only
Info: Packing carries..
Info:        3 LCs used as CARRY only
Info: Packing indirect carry+LUT pairs...
Info:        0 LUTs merged into carry LCs
Info: Packing RAMs..
Info: Placing PLLs..
Info: Packing special functions..
Info: Packing PLLs..
Info: Promoting globals..
Info: promoting clk$SB_IO_IN (fanout 201)
Info: promoting rst_n_SB_LUT4_I3_O [reset] (fanout 201)
Info: promoting busy_SB_LUT4_I0_O [cen] (fanout 32)
Info: promoting busy_SB_LUT4_I0_I2_SB_LUT4_I3_1_O [cen] (fanout 21)
Info: promoting busy_SB_LUT4_I0_I2_SB_LUT4_O_I1_SB_LUT4_I3_1_O [cen] (fanout 21)
Info: promoting busy_SB_LUT4_I0_I2_SB_LUT4_O_I2_SB_LUT4_I3_O [cen] (fanout 21)
Info: Constraining chains...
Info:        5 LCs used to legalise carry chains.
Info: Checksum: 0x1499a7c3

Info: Annotating ports with timing budgets for target frequency 12.00 MHz
Info: Checksum: 0xc2b08e2e

Info: Device utilisation:
Info: 	         ICESTORM_LC:   441/ 7680     5%
Info: 	        ICESTORM_RAM:     0/   32     0%
Info: 	               SB_IO:    71/  256    27%
Info: 	               SB_GB:     6/    8    75%
Info: 	        ICESTORM_PLL:     0/    2     0%
Info: 	         SB_WARMBOOT:     0/    1     0%

Info: Placed 0 cells based on constraints.
Info: Creating initial analytic placement for 363 cells, random placement wirelen = 14288.
Info:     at initial placer iter 0, wirelen = 1843
Info:     at initial placer iter 1, wirelen = 1791
Info:     at initial placer iter 2, wirelen = 1780
Info:     at initial placer iter 3, wirelen = 1783
Info: Running main analytical placer.
Info:     at iteration #1, type ALL: wirelen solved = 1785, spread = 3053, legal = 3232; time = 0.02s
Info:     at iteration #2, type ALL: wirelen solved = 1868, spread = 2944, legal = 3098; time = 0.02s
Info:     at iteration #3, type ALL: wirelen solved = 1916, spread = 2947, legal = 3136; time = 0.01s
Info:     at iteration #4, type ALL: wirelen solved = 1957, spread = 3084, legal = 3227; time = 0.02s
Info:     at iteration #5, type ALL: wirelen solved = 1949, spread = 3053, legal = 3163; time = 0.02s
Info:     at iteration #6, type ALL: wirelen solved = 1967, spread = 3054, legal = 3139; time = 0.01s
Info:     at iteration #7, type ALL: wirelen solved = 2046, spread = 3003, legal = 3171; time = 0.01s
Info: HeAP Placer Time: 0.16s
Info:   of which solving equations: 0.10s
Info:   of which spreading cells: 0.01s
Info:   of which strict legalisation: 0.02s

Info: Running simulated annealing placer for refinement.
Info:   at iteration #1: temp = 0.000000, timing cost = 31, wirelen = 3098
Info:   at iteration #5: temp = 0.000000, timing cost = 35, wirelen = 2427
Info:   at iteration #10: temp = 0.000000, timing cost = 21, wirelen = 2374
Info:   at iteration #15: temp = 0.000000, timing cost = 21, wirelen = 2296
Info:   at iteration #20: temp = 0.000000, timing cost = 22, wirelen = 2241
Info:   at iteration #24: temp = 0.000000, timing cost = 20, wirelen = 2234 
Info: SA placement time 0.34s

Info: Max frequency for clock 'clk$SB_IO_IN_$glb_clk': 111.71 MHz (PASS at 12.00 MHz)

Info: Max delay <async>                       -> posedge clk$SB_IO_IN_$glb_clk: 6.12 ns
Info: Max delay posedge clk$SB_IO_IN_$glb_clk -> <async>                      : 3.51 ns

Info: Slack histogram:
Info:  legend: * represents 2 endpoint(s)
Info:          + represents [1,2) endpoint(s)
Info: [ 74381,  74773) |***+
Info: [ 74773,  75165) |*********+
Info: [ 75165,  75557) | 
Info: [ 75557,  75949) |************+
Info: [ 75949,  76341) |**********+
Info: [ 76341,  76733) |****+
Info: [ 76733,  77125) |****+
Info: [ 77125,  77517) |*****+
Info: [ 77517,  77909) |*******+
Info: [ 77909,  78301) |************+
Info: [ 78301,  78693) |**********+
Info: [ 78693,  79085) |************************************************************ 
Info: [ 79085,  79477) |******************************************+
Info: [ 79477,  79869) |**************+
Info: [ 79869,  80261) |*************************+
Info: [ 80261,  80653) |*************************+
Info: [ 80653,  81045) |***********************+
Info: [ 81045,  81437) |*****************************************+
Info: [ 81437,  81829) |***********************+
Info: [ 81829,  82221) |*********+
Info: Checksum: 0xbf2c63db

Info: Routing..
Info: Setting up routing queue.
Info: Routing 1532 arcs.
Info:            |   (re-)routed arcs  |   delta    | remaining|       time spent     |
Info:    IterCnt |  w/ripup   wo/ripup |  w/r  wo/r |      arcs| batch(sec) total(sec)|
Info:       1000 |       85        860 |   85   860 |       627|       0.14       0.14|
Info:       1838 |      247       1522 |  162   662 |         0|       0.31       0.45|
Info: Routing complete.
Info: Router1 time 0.45s
Info: Checksum: 0x6833e627

Info: Critical path report for clock 'clk$SB_IO_IN_$glb_clk' (posedge -> posedge):
Info: curr total
Info:  0.5  0.5  Source res_upper_SB_LUT4_O_20_I1_SB_LUT4_O_I1_SB_LUT4_I3_LC.O
Info:  1.3  1.8    Net busy_SB_LUT4_I0_I2_SB_LUT4_O_I2_SB_LUT4_I3_O_SB_DFFER_E_Q[0] budget 40.998001 ns (15,11) -> (13,9)
Info:                Sink res_upper_SB_LUT4_O_17_I1_SB_LUT4_O_LC.I3
Info:                Defined in:
Info:                  /usr/local/bin/../share/yosys/ice40/cells_map.v:6.21-6.22
Info:  0.3  2.1  Source res_upper_SB_LUT4_O_17_I1_SB_LUT4_O_LC.O
Info:  1.1  3.3    Net res_upper_SB_LUT4_O_17_I1[2] budget 40.998001 ns (13,9) -> (10,9)
Info:                Sink res_upper_SB_LUT4_O_17_LC.I2
Info:                Defined in:
Info:                  /usr/local/bin/../share/yosys/ice40/arith_map.v:62.5-70.4
Info:                  /usr/local/bin/../share/yosys/ice40/cells_map.v:6.21-6.22
Info:  0.2  3.5  Source res_upper_SB_LUT4_O_17_LC.COUT
Info:  0.0  3.5    Net res_upper_SB_LUT4_O_18_I1[3] budget 0.000000 ns (10,9) -> (10,9)
Info:                Sink res_upper_SB_LUT4_O_18_LC.CIN
Info:                Defined in:
Info:                  /usr/local/bin/../share/yosys/ice40/arith_map.v:62.5-70.4
Info:                  /usr/local/bin/../share/yosys/ice40/abc9_model.v:4.9-4.11
Info:  0.1  3.6  Source res_upper_SB_LUT4_O_18_LC.COUT
Info:  0.0  3.6    Net res_upper_SB_LUT4_O_19_I1[3] budget 0.000000 ns (10,9) -> (10,9)
Info:                Sink res_upper_SB_LUT4_O_19_LC.CIN
Info:                Defined in:
Info:                  /usr/local/bin/../share/yosys/ice40/arith_map.v:62.5-70.4
Info:                  /usr/local/bin/../share/yosys/ice40/abc9_model.v:4.9-4.11
Info:  0.1  3.7  Source res_upper_SB_LUT4_O_19_LC.COUT
Info:  0.0  3.7    Net res_upper_SB_LUT4_O_20_I1[3] budget 0.000000 ns (10,9) -> (10,9)
Info:                Sink res_upper_SB_LUT4_O_20_LC.CIN
Info:                Defined in:
Info:                  /usr/local/bin/../share/yosys/ice40/arith_map.v:62.5-70.4
Info:                  /usr/local/bin/../share/yosys/ice40/abc9_model.v:4.9-4.11
Info:  0.1  3.9  Source res_upper_SB_LUT4_O_20_LC.COUT
Info:  0.0  3.9    Net res_upper_SB_LUT4_O_21_I1[3] budget 0.000000 ns (10,9) -> (10,9)
Info:                Sink res_upper_SB_LUT4_O_21_LC.CIN
Info:                Defined in:
Info:                  /usr/local/bin/../share/yosys/ice40/arith_map.v:62.5-70.4
Info:                  /usr/local/bin/../share/yosys/ice40/abc9_model.v:4.9-4.11
Info:  0.1  4.0  Source res_upper_SB_LUT4_O_21_LC.COUT
Info:  0.0  4.0    Net res_upper_SB_LUT4_O_22_I1[3] budget 0.000000 ns (10,9) -> (10,9)
Info:                Sink res_upper_SB_LUT4_O_22_LC.CIN
Info:                Defined in:
Info:                  /usr/local/bin/../share/yosys/ice40/arith_map.v:62.5-70.4
Info:                  /usr/local/bin/../share/yosys/ice40/abc9_model.v:4.9-4.11
Info:  0.1  4.1  Source res_upper_SB_LUT4_O_22_LC.COUT
Info:  0.2  4.3    Net res_upper_SB_LUT4_O_1_I1[3] budget 0.190000 ns (10,9) -> (10,10)
Info:                Sink res_upper_SB_LUT4_O_1_LC.CIN
Info:                Defined in:
Info:                  /usr/local/bin/../share/yosys/ice40/arith_map.v:62.5-70.4
Info:                  /usr/local/bin/../share/yosys/ice40/abc9_model.v:4.9-4.11
Info:  0.1  4.4  Source res_upper_SB_LUT4_O_1_LC.COUT
Info:  0.0  4.4    Net res_upper_SB_LUT4_O_2_I1[3] budget 0.000000 ns (10,10) -> (10,10)
Info:                Sink res_upper_SB_LUT4_O_2_LC.CIN
Info:                Defined in:
Info:                  /usr/local/bin/../share/yosys/ice40/arith_map.v:62.5-70.4
Info:                  /usr/local/bin/../share/yosys/ice40/abc9_model.v:4.9-4.11
Info:  0.1  4.6  Source res_upper_SB_LUT4_O_2_LC.COUT
Info:  0.0  4.6    Net res_upper_SB_LUT4_O_3_I1[3] budget 0.000000 ns (10,10) -> (10,10)
Info:                Sink res_upper_SB_LUT4_O_3_LC.CIN
Info:                Defined in:
Info:                  /usr/local/bin/../share/yosys/ice40/arith_map.v:62.5-70.4
Info:                  /usr/local/bin/../share/yosys/ice40/abc9_model.v:4.9-4.11
Info:  0.1  4.7  Source res_upper_SB_LUT4_O_3_LC.COUT
Info:  0.0  4.7    Net res_upper_SB_LUT4_O_4_I1[3] budget 0.000000 ns (10,10) -> (10,10)
Info:                Sink res_upper_SB_LUT4_O_4_LC.CIN
Info:                Defined in:
Info:                  /usr/local/bin/../share/yosys/ice40/arith_map.v:62.5-70.4
Info:                  /usr/local/bin/../share/yosys/ice40/abc9_model.v:4.9-4.11
Info:  0.1  4.8  Source res_upper_SB_LUT4_O_4_LC.COUT
Info:  0.0  4.8    Net res_upper_SB_LUT4_O_5_I1[3] budget 0.000000 ns (10,10) -> (10,10)
Info:                Sink res_upper_SB_LUT4_O_5_LC.CIN
Info:                Defined in:
Info:                  /usr/local/bin/../share/yosys/ice40/arith_map.v:62.5-70.4
Info:                  /usr/local/bin/../share/yosys/ice40/abc9_model.v:4.9-4.11
Info:  0.1  4.9  Source res_upper_SB_LUT4_O_5_LC.COUT
Info:  0.0  4.9    Net res_upper_SB_LUT4_O_6_I1[3] budget 0.000000 ns (10,10) -> (10,10)
Info:                Sink res_upper_SB_LUT4_O_6_LC.CIN
Info:                Defined in:
Info:                  /usr/local/bin/../share/yosys/ice40/arith_map.v:62.5-70.4
Info:                  /usr/local/bin/../share/yosys/ice40/abc9_model.v:4.9-4.11
Info:  0.1  5.1  Source res_upper_SB_LUT4_O_6_LC.COUT
Info:  0.0  5.1    Net res_upper_SB_LUT4_O_7_I1[3] budget 0.000000 ns (10,10) -> (10,10)
Info:                Sink res_upper_SB_LUT4_O_7_LC.CIN
Info:                Defined in:
Info:                  /usr/local/bin/../share/yosys/ice40/arith_map.v:62.5-70.4
Info:                  /usr/local/bin/../share/yosys/ice40/abc9_model.v:4.9-4.11
Info:  0.1  5.2  Source res_upper_SB_LUT4_O_7_LC.COUT
Info:  0.0  5.2    Net res_upper_SB_LUT4_O_8_I1[3] budget 0.000000 ns (10,10) -> (10,10)
Info:                Sink res_upper_SB_LUT4_O_8_LC.CIN
Info:                Defined in:
Info:                  /usr/local/bin/../share/yosys/ice40/arith_map.v:62.5-70.4
Info:                  /usr/local/bin/../share/yosys/ice40/abc9_model.v:4.9-4.11
Info:  0.1  5.3  Source res_upper_SB_LUT4_O_8_LC.COUT
Info:  0.2  5.5    Net res_upper_SB_LUT4_O_9_I1[3] budget 0.190000 ns (10,10) -> (10,11)
Info:                Sink res_upper_SB_LUT4_O_9_LC.CIN
Info:                Defined in:
Info:                  /usr/local/bin/../share/yosys/ice40/arith_map.v:62.5-70.4
Info:                  /usr/local/bin/../share/yosys/ice40/abc9_model.v:4.9-4.11
Info:  0.1  5.6  Source res_upper_SB_LUT4_O_9_LC.COUT
Info:  0.0  5.6    Net res_upper_SB_LUT4_O_10_I1[3] budget 0.000000 ns (10,11) -> (10,11)
Info:                Sink res_upper_SB_LUT4_O_10_LC.CIN
Info:                Defined in:
Info:                  /usr/local/bin/../share/yosys/ice40/arith_map.v:62.5-70.4
Info:                  /usr/local/bin/../share/yosys/ice40/abc9_model.v:4.9-4.11
Info:  0.1  5.8  Source res_upper_SB_LUT4_O_10_LC.COUT
Info:  0.0  5.8    Net res_upper_SB_LUT4_O_11_I1[3] budget 0.000000 ns (10,11) -> (10,11)
Info:                Sink res_upper_SB_LUT4_O_11_LC.CIN
Info:                Defined in:
Info:                  /usr/local/bin/../share/yosys/ice40/arith_map.v:62.5-70.4
Info:                  /usr/local/bin/../share/yosys/ice40/abc9_model.v:4.9-4.11
Info:  0.1  5.9  Source res_upper_SB_LUT4_O_11_LC.COUT
Info:  0.0  5.9    Net res_upper_SB_LUT4_O_12_I1[3] budget 0.000000 ns (10,11) -> (10,11)
Info:                Sink res_upper_SB_LUT4_O_12_LC.CIN
Info:                Defined in:
Info:                  /usr/local/bin/../share/yosys/ice40/arith_map.v:62.5-70.4
Info:                  /usr/local/bin/../share/yosys/ice40/abc9_model.v:4.9-4.11
Info:  0.1  6.0  Source res_upper_SB_LUT4_O_12_LC.COUT
Info:  0.0  6.0    Net res_upper_SB_LUT4_O_13_I1[3] budget 0.000000 ns (10,11) -> (10,11)
Info:                Sink res_upper_SB_LUT4_O_13_LC.CIN
Info:                Defined in:
Info:                  /usr/local/bin/../share/yosys/ice40/arith_map.v:62.5-70.4
Info:                  /usr/local/bin/../share/yosys/ice40/abc9_model.v:4.9-4.11
Info:  0.1  6.1  Source res_upper_SB_LUT4_O_13_LC.COUT
Info:  0.0  6.1    Net res_upper_SB_LUT4_O_14_I1[3] budget 0.000000 ns (10,11) -> (10,11)
Info:                Sink res_upper_SB_LUT4_O_14_LC.CIN
Info:                Defined in:
Info:                  /usr/local/bin/../share/yosys/ice40/arith_map.v:62.5-70.4
Info:                  /usr/local/bin/../share/yosys/ice40/abc9_model.v:4.9-4.11
Info:  0.1  6.3  Source res_upper_SB_LUT4_O_14_LC.COUT
Info:  0.3  6.5    Net res_upper_SB_LUT4_O_I0[3] budget 0.260000 ns (10,11) -> (10,11)
Info:                Sink res_upper_SB_LUT4_O_LC.I3
Info:                Defined in:
Info:                  /usr/local/bin/../share/yosys/ice40/arith_map.v:62.5-70.4
Info:                  /usr/local/bin/../share/yosys/ice40/abc9_model.v:4.9-4.11
Info:  0.3  6.9  Setup res_upper_SB_LUT4_O_LC.I3
Info: 3.8 ns logic, 3.1 ns routing

Info: Critical path report for cross-domain path '<async>' -> 'posedge clk$SB_IO_IN_$glb_clk':
Info: curr total
Info:  0.0  0.0  Source multiplicand[0]$sb_io.D_IN_0
Info:  2.9  2.9    Net a_low[0] budget 0.000000 ns (20,33) -> (17,12)
Info:                Sink mult0.calc_3x_SB_LUT4_O_1_LC.I2
Info:                Defined in:
Info:                  ../rtl/booth_radix8_multiplier_su_5_linear_146.v:134.41-134.53
Info:  0.2  3.1  Source mult0.calc_3x_SB_LUT4_O_1_LC.COUT
Info:  0.0  3.1    Net mult0.calc_3x_SB_LUT4_O_2_I3 budget 0.000000 ns (17,12) -> (17,12)
Info:                Sink mult0.calc_3x_SB_LUT4_O_2_LC.CIN
Info:                Defined in:
Info:                  ../rtl/booth_radix8_multiplier_su_5_linear_146.v:160.17-164.6
Info:                  ../rtl/booth_radix8_multiplier_su_5_linear_146.v:38.43-38.82
Info:                  /usr/local/bin/../share/yosys/ice40/arith_map.v:62.5-70.4
Info:                  /usr/local/bin/../share/yosys/ice40/abc9_model.v:4.9-4.11
Info:  0.1  3.2  Source mult0.calc_3x_SB_LUT4_O_2_LC.COUT
Info:  0.0  3.2    Net mult0.calc_3x_SB_LUT4_O_3_I3 budget 0.000000 ns (17,12) -> (17,12)
Info:                Sink mult0.calc_3x_SB_LUT4_O_3_LC.CIN
Info:                Defined in:
Info:                  ../rtl/booth_radix8_multiplier_su_5_linear_146.v:160.17-164.6
Info:                  ../rtl/booth_radix8_multiplier_su_5_linear_146.v:38.43-38.82
Info:                  /usr/local/bin/../share/yosys/ice40/arith_map.v:62.5-70.4
Info:                  /usr/local/bin/../share/yosys/ice40/abc9_model.v:4.9-4.11
Info:  0.1  3.4  Source mult0.calc_3x_SB_LUT4_O_3_LC.COUT
Info:  0.0  3.4    Net mult0.calc_3x_SB_LUT4_O_4_I3 budget 0.000000 ns (17,12) -> (17,12)
Info:                Sink mult0.calc_3x_SB_LUT4_O_4_LC.CIN
Info:                Defined in:
Info:                  ../rtl/booth_radix8_multiplier_su_5_linear_146.v:160.17-164.6
Info:                  ../rtl/booth_radix8_multiplier_su_5_linear_146.v:38.43-38.82
Info:                  /usr/local/bin/../share/yosys/ice40/arith_map.v:62.5-70.4
Info:                  /usr/local/bin/../share/yosys/ice40/abc9_model.v:4.9-4.11
Info:  0.1  3.5  Source mult0.calc_3x_SB_LUT4_O_4_LC.COUT
Info:  0.0  3.5    Net mult0.calc_3x_SB_LUT4_O_5_I3 budget 0.000000 ns (17,12) -> (17,12)
Info:                Sink mult0.calc_3x_SB_LUT4_O_5_LC.CIN
Info:                Defined in:
Info:                  ../rtl/booth_radix8_multiplier_su_5_linear_146.v:160.17-164.6
Info:                  ../rtl/booth_radix8_multiplier_su_5_linear_146.v:38.43-38.82
Info:                  /usr/local/bin/../share/yosys/ice40/arith_map.v:62.5-70.4
Info:                  /usr/local/bin/../share/yosys/ice40/abc9_model.v:4.9-4.11
Info:  0.1  3.6  Source mult0.calc_3x_SB_LUT4_O_5_LC.COUT
Info:  0.0  3.6    Net mult0.calc_3x_SB_LUT4_O_6_I3 budget 0.000000 ns (17,12) -> (17,12)
Info:                Sink mult0.calc_3x_SB_LUT4_O_6_LC.CIN
Info:                Defined in:
Info:                  ../rtl/booth_radix8_multiplier_su_5_linear_146.v:160.17-164.6
Info:                  ../rtl/booth_radix8_multiplier_su_5_linear_146.v:38.43-38.82
Info:                  /usr/local/bin/../share/yosys/ice40/arith_map.v:62.5-70.4
Info:                  /usr/local/bin/../share/yosys/ice40/abc9_model.v:4.9-4.11
Info:  0.1  3.7  Source mult0.calc_3x_SB_LUT4_O_6_LC.COUT
Info:  0.0  3.7    Net mult0.calc_3x_SB_LUT4_O_7_I3 budget 0.000000 ns (17,12) -> (17,12)
Info:                Sink mult0.calc_3x_SB_LUT4_O_7_LC.CIN
Info:                Defined in:
Info:                  ../rtl/booth_radix8_multiplier_su_5_linear_146.v:160.17-164.6
Info:                  ../rtl/booth_radix8_multiplier_su_5_linear_146.v:38.43-38.82
Info:                  /usr/local/bin/../share/yosys/ice40/arith_map.v:62.5-70.4
Info:                  /usr/local/bin/../share/yosys/ice40/abc9_model.v:4.9-4.11
Info:  0.1  3.9  Source mult0.calc_3x_SB_LUT4_O_7_LC.COUT
Info:  0.0  3.9    Net mult0.calc_3x_SB_LUT4_O_I3 budget 0.000000 ns (17,12) -> (17,12)
Info:                Sink mult0.calc_3x_SB_LUT4_O_LC.CIN
Info:                Defined in:
Info:                  ../rtl/booth_radix8_multiplier_su_5_linear_146.v:160.17-164.6
Info:                  ../rtl/booth_radix8_multiplier_su_5_linear_146.v:38.43-38.82
Info:                  /usr/local/bin/../share/yosys/ice40/arith_map.v:62.5-70.4
Info:                  /usr/local/bin/../share/yosys/ice40/abc9_model.v:4.9-4.11
Info:  0.1  4.0  Source mult0.calc_3x_SB_LUT4_O_LC.COUT
Info:  0.5  4.5    Net $nextpnr_ICESTORM_LC_4$I3 budget 0.560000 ns (17,12) -> (17,13)
Info:                Sink $nextpnr_ICESTORM_LC_4.I3
Info:  0.3  4.8  Source $nextpnr_ICESTORM_LC_4.O
Info:  0.9  5.7    Net mult0.calc_3x[9] budget 81.408997 ns (17,13) -> (15,13)
Info:                Sink sign_mode_SB_DFFER_D_Q_SB_LUT4_I2_O_SB_LUT4_O_6_I1_SB_LUT4_O_I2_SB_LUT4_O_I0_SB_DFFER_Q_DFFLC.I0
Info:                Defined in:
Info:                  ../rtl/booth_radix8_multiplier_su_5_linear_146.v:172.17-176.6
Info:                  ../rtl/booth_radix8_multiplier_su_5_linear_146.v:38.33-38.40
Info:  0.5  6.1  Setup sign_mode_SB_DFFER_D_Q_SB_LUT4_I2_O_SB_LUT4_O_6_I1_SB_LUT4_O_I2_SB_LUT4_O_I0_SB_DFFER_Q_DFFLC.I0
Info: 1.9 ns logic, 4.2 ns routing

Info: Critical path report for cross-domain path 'posedge clk$SB_IO_IN_$glb_clk' -> '<async>':
Info: curr total
Info:  0.5  0.5  Source res_upper_SB_LUT4_O_4_LC.O
Info:  3.2  3.8    Net product[20]$SB_IO_OUT budget 82.792999 ns (10,10) -> (16,33)
Info:                Sink product[20]$sb_io.D_OUT_0
Info:                Defined in:
Info:                  ../rtl/booth_radix8_multiplier_su_5_linear_146.v:137.41-137.48
Info: 0.5 ns logic, 3.2 ns routing

Info: Max frequency for clock 'clk$SB_IO_IN_$glb_clk': 145.58 MHz (PASS at 12.00 MHz)

Info: Max delay <async>                       -> posedge clk$SB_IO_IN_$glb_clk: 6.14 ns
Info: Max delay posedge clk$SB_IO_IN_$glb_clk -> <async>                      : 3.77 ns

Info: Slack histogram:
Info:  legend: * represents 4 endpoint(s)
Info:          + represents [1,4) endpoint(s)
Info: [ 76464,  76752) |********+
Info: [ 76752,  77040) |+
Info: [ 77040,  77328) |***+
Info: [ 77328,  77616) |*******+
Info: [ 77616,  77904) |***+
Info: [ 77904,  78192) |*********+
Info: [ 78192,  78480) |*********+
Info: [ 78480,  78768) |********+
Info: [ 78768,  79056) |**********+
Info: [ 79056,  79344) |*+
Info: [ 79344,  79632) |*******+
Info: [ 79632,  79920) |**********+
Info: [ 79920,  80208) |*******+
Info: [ 80208,  80496) |*********+
Info: [ 80496,  80784) |**********+
Info: [ 80784,  81072) |************************************************************ 
Info: [ 81072,  81360) |************+
Info: [ 81360,  81648) |*******+
Info: [ 81648,  81936) |*********************+
Info: [ 81936,  82224) |+
1 warning, 0 errors

Info: Program finished normally.
