Warning: No PCF file specified; IO pins will be placed automatically

Info: Packing constants..
Info: Packing IOs..
Info: Packing LUT-FFs..
Info:      230 LCs used as LUT4 only
Info:      114 LCs used as LUT4 and DFF
Info: Packing non-LUT FFs..
Info:       87 LCs used as DFF only
Info: Packing carries..
Info:        3 LCs used as CARRY only
Info: Packing indirect carry+LUT pairs...
Info:        0 LUTs merged into carry LCs
Info: Packing RAMs..
Info: Placing PLLs..
Info: Packing special functions..
Info: Packing PLLs..
Info: Promoting globals..
Info: promoting clk$SB_IO_IN (fanout 201)
Info: promoting rst_n_SB_LUT4_I3_O [reset] (fanout 201)
Info: promoting busy_SB_LUT4_I0_O [cen] (fanout 32)
Info: promoting busy_SB_LUT4_I0_I2_SB_LUT4_I3_1_O [cen] (fanout 21)
Info: promoting busy_SB_LUT4_I0_I2_SB_LUT4_O_I1_SB_LUT4_I3_1_O [cen] (fanout 21)
Info: promoting busy_SB_LUT4_I0_I2_SB_LUT4_O_I2_SB_LUT4_I3_O [cen] (fanout 21)
Info: Constraining chains...
Info:        5 LCs used to legalise carry chains.
Info: Checksum: 0x1499a7c3

Info: Annotating ports with timing budgets for target frequency 12.00 MHz
Info: Checksum: 0xc2b08e2e

Info: Device utilisation:
Info: 	         ICESTORM_LC:   441/ 7680     5%
Info: 	        ICESTORM_RAM:     0/   32     0%
Info: 	               SB_IO:    71/  256    27%
Info: 	               SB_GB:     6/    8    75%
Info: 	        ICESTORM_PLL:     0/    2     0%
Info: 	         SB_WARMBOOT:     0/    1     0%

Info: Placed 0 cells based on constraints.
Info: Creating initial analytic placement for 363 cells, random placement wirelen = 14091.
Info:     at initial placer iter 0, wirelen = 1828
Info:     at initial placer iter 1, wirelen = 1802
Info:     at initial placer iter 2, wirelen = 1831
Info:     at initial placer iter 3, wirelen = 1788
Info: Running main analytical placer.
Info:     at iteration #1, type ALL: wirelen solved = 1792, spread = 3147, legal = 3363; time = 0.02s
Info:     at iteration #2, type ALL: wirelen solved = 1826, spread = 3110, legal = 3300; time = 0.02s
Info:     at iteration #3, type ALL: wirelen solved = 1931, spread = 3105, legal = 3168; time = 0.05s
Info:     at iteration #4, type ALL: wirelen solved = 2004, spread = 3110, legal = 3232; time = 0.02s
Info:     at iteration #5, type ALL: wirelen solved = 2029, spread = 3054, legal = 3187; time = 0.02s
Info:     at iteration #6, type ALL: wirelen solved = 2063, spread = 3093, legal = 3228; time = 0.29s
Info:     at iteration #7, type ALL: wirelen solved = 2096, spread = 2978, legal = 3153; time = 0.02s
Info:     at iteration #8, type ALL: wirelen solved = 2105, spread = 3005, legal = 3226; time = 0.01s
Info:     at iteration #9, type ALL: wirelen solved = 2170, spread = 2990, legal = 3162; time = 0.02s
Info:     at iteration #10, type ALL: wirelen solved = 2176, spread = 2955, legal = 3143; time = 0.02s
Info:     at iteration #11, type ALL: wirelen solved = 2222, spread = 2880, legal = 3124; time = 0.02s
Info:     at iteration #12, type ALL: wirelen solved = 2262, spread = 2974, legal = 3065; time = 0.02s
Info:     at iteration #13, type ALL: wirelen solved = 2357, spread = 2944, legal = 3082; time = 0.02s
Info:     at iteration #14, type ALL: wirelen solved = 2348, spread = 3063, legal = 3210; time = 0.01s
Info:     at iteration #15, type ALL: wirelen solved = 2390, spread = 2990, legal = 3120; time = 0.02s
Info:     at iteration #16, type ALL: wirelen solved = 2427, spread = 2904, legal = 3067; time = 0.02s
Info:     at iteration #17, type ALL: wirelen solved = 2452, spread = 3055, legal = 3189; time = 0.02s
Info: HeAP Placer Time: 0.69s
Info:   of which solving equations: 0.22s
Info:   of which spreading cells: 0.02s
Info:   of which strict legalisation: 0.36s

Info: Running simulated annealing placer for refinement.
Info:   at iteration #1: temp = 0.000000, timing cost = 14, wirelen = 3065
Info:   at iteration #5: temp = 0.000000, timing cost = 20, wirelen = 2274
Info:   at iteration #10: temp = 0.000000, timing cost = 24, wirelen = 2179
Info:   at iteration #15: temp = 0.000000, timing cost = 17, wirelen = 2123
Info:   at iteration #20: temp = 0.000000, timing cost = 12, wirelen = 2051
Info:   at iteration #20: temp = 0.000000, timing cost = 10, wirelen = 2061 
Info: SA placement time 0.31s

Info: Max frequency for clock 'clk$SB_IO_IN_$glb_clk': 97.91 MHz (PASS at 12.00 MHz)

Info: Max delay <async>                       -> posedge clk$SB_IO_IN_$glb_clk: 6.43 ns
Info: Max delay posedge clk$SB_IO_IN_$glb_clk -> <async>                      : 3.78 ns

Info: Slack histogram:
Info:  legend: * represents 2 endpoint(s)
Info:          + represents [1,2) endpoint(s)
Info: [ 73120,  73578) |********+
Info: [ 73578,  74036) |*****+
Info: [ 74036,  74494) |**+
Info: [ 74494,  74952) | 
Info: [ 74952,  75410) |****+
Info: [ 75410,  75868) |*****+
Info: [ 75868,  76326) |*********+
Info: [ 76326,  76784) |*******+
Info: [ 76784,  77242) |*******+
Info: [ 77242,  77700) |*********+
Info: [ 77700,  78158) |*******+
Info: [ 78158,  78616) |***************************+
Info: [ 78616,  79074) |************************************************************ 
Info: [ 79074,  79532) |**********************************+
Info: [ 79532,  79990) |*************************+
Info: [ 79990,  80448) |*************************+
Info: [ 80448,  80906) |*********************+
Info: [ 80906,  81364) |***************************************+
Info: [ 81364,  81822) |**********************************+
Info: [ 81822,  82280) |**********+
Info: Checksum: 0x320c3106

Info: Routing..
Info: Setting up routing queue.
Info: Routing 1533 arcs.
Info:            |   (re-)routed arcs  |   delta    | remaining|       time spent     |
Info:    IterCnt |  w/ripup   wo/ripup |  w/r  wo/r |      arcs| batch(sec) total(sec)|
Info:       1000 |       61        883 |   61   883 |       610|       0.14       0.14|
Info:       1695 |      138       1488 |   77   605 |         0|       0.29       0.43|
Info: Routing complete.
Info: Router1 time 0.43s
Info: Checksum: 0x40a97a5b

Info: Critical path report for clock 'clk$SB_IO_IN_$glb_clk' (posedge -> posedge):
Info: curr total
Info:  0.5  0.5  Source res_upper_SB_LUT4_O_23_I1_SB_LUT4_I3_O_SB_LUT4_O_4_LC.O
Info:  1.3  1.8    Net res_upper_SB_LUT4_O_23_I1[0] budget 40.998001 ns (3,12) -> (4,8)
Info:                Sink res_upper_SB_LUT4_O_23_I1_SB_LUT4_I1_LC.I1
Info:                Defined in:
Info:                  /usr/local/bin/../share/yosys/ice40/cells_map.v:6.21-6.22
Info:  0.4  2.2  Source res_upper_SB_LUT4_O_23_I1_SB_LUT4_I1_LC.O
Info:  1.0  3.2    Net res_upper_SB_LUT4_O_15_I1[2] budget 40.998001 ns (4,8) -> (4,10)
Info:                Sink res_upper_SB_LUT4_O_15_LC.I2
Info:                Defined in:
Info:                  /usr/local/bin/../share/yosys/ice40/arith_map.v:62.5-70.4
Info:                  /usr/local/bin/../share/yosys/ice40/cells_map.v:6.21-6.22
Info:  0.2  3.4  Source res_upper_SB_LUT4_O_15_LC.COUT
Info:  0.0  3.4    Net res_upper_SB_LUT4_O_16_I1[3] budget 0.000000 ns (4,10) -> (4,10)
Info:                Sink res_upper_SB_LUT4_O_16_LC.CIN
Info:                Defined in:
Info:                  /usr/local/bin/../share/yosys/ice40/arith_map.v:62.5-70.4
Info:                  /usr/local/bin/../share/yosys/ice40/abc9_model.v:4.9-4.11
Info:  0.1  3.5  Source res_upper_SB_LUT4_O_16_LC.COUT
Info:  0.0  3.5    Net res_upper_SB_LUT4_O_17_I1[3] budget 0.000000 ns (4,10) -> (4,10)
Info:                Sink res_upper_SB_LUT4_O_17_LC.CIN
Info:                Defined in:
Info:                  /usr/local/bin/../share/yosys/ice40/arith_map.v:62.5-70.4
Info:                  /usr/local/bin/../share/yosys/ice40/abc9_model.v:4.9-4.11
Info:  0.1  3.7  Source res_upper_SB_LUT4_O_17_LC.COUT
Info:  0.0  3.7    Net res_upper_SB_LUT4_O_18_I1[3] budget 0.000000 ns (4,10) -> (4,10)
Info:                Sink res_upper_SB_LUT4_O_18_LC.CIN
Info:                Defined in:
Info:                  /usr/local/bin/../share/yosys/ice40/arith_map.v:62.5-70.4
Info:                  /usr/local/bin/../share/yosys/ice40/abc9_model.v:4.9-4.11
Info:  0.1  3.8  Source res_upper_SB_LUT4_O_18_LC.COUT
Info:  0.0  3.8    Net res_upper_SB_LUT4_O_19_I1[3] budget 0.000000 ns (4,10) -> (4,10)
Info:                Sink res_upper_SB_LUT4_O_19_LC.CIN
Info:                Defined in:
Info:                  /usr/local/bin/../share/yosys/ice40/arith_map.v:62.5-70.4
Info:                  /usr/local/bin/../share/yosys/ice40/abc9_model.v:4.9-4.11
Info:  0.1  3.9  Source res_upper_SB_LUT4_O_19_LC.COUT
Info:  0.0  3.9    Net res_upper_SB_LUT4_O_20_I1[3] budget 0.000000 ns (4,10) -> (4,10)
Info:                Sink res_upper_SB_LUT4_O_20_LC.CIN
Info:                Defined in:
Info:                  /usr/local/bin/../share/yosys/ice40/arith_map.v:62.5-70.4
Info:                  /usr/local/bin/../share/yosys/ice40/abc9_model.v:4.9-4.11
Info:  0.1  4.0  Source res_upper_SB_LUT4_O_20_LC.COUT
Info:  0.0  4.0    Net res_upper_SB_LUT4_O_21_I1[3] budget 0.000000 ns (4,10) -> (4,10)
Info:                Sink res_upper_SB_LUT4_O_21_LC.CIN
Info:                Defined in:
Info:                  /usr/local/bin/../share/yosys/ice40/arith_map.v:62.5-70.4
Info:                  /usr/local/bin/../share/yosys/ice40/abc9_model.v:4.9-4.11
Info:  0.1  4.2  Source res_upper_SB_LUT4_O_21_LC.COUT
Info:  0.0  4.2    Net res_upper_SB_LUT4_O_22_I1[3] budget 0.000000 ns (4,10) -> (4,10)
Info:                Sink res_upper_SB_LUT4_O_22_LC.CIN
Info:                Defined in:
Info:                  /usr/local/bin/../share/yosys/ice40/arith_map.v:62.5-70.4
Info:                  /usr/local/bin/../share/yosys/ice40/abc9_model.v:4.9-4.11
Info:  0.1  4.3  Source res_upper_SB_LUT4_O_22_LC.COUT
Info:  0.2  4.5    Net res_upper_SB_LUT4_O_1_I1[3] budget 0.190000 ns (4,10) -> (4,11)
Info:                Sink res_upper_SB_LUT4_O_1_LC.CIN
Info:                Defined in:
Info:                  /usr/local/bin/../share/yosys/ice40/arith_map.v:62.5-70.4
Info:                  /usr/local/bin/../share/yosys/ice40/abc9_model.v:4.9-4.11
Info:  0.1  4.6  Source res_upper_SB_LUT4_O_1_LC.COUT
Info:  0.0  4.6    Net res_upper_SB_LUT4_O_2_I1[3] budget 0.000000 ns (4,11) -> (4,11)
Info:                Sink res_upper_SB_LUT4_O_2_LC.CIN
Info:                Defined in:
Info:                  /usr/local/bin/../share/yosys/ice40/arith_map.v:62.5-70.4
Info:                  /usr/local/bin/../share/yosys/ice40/abc9_model.v:4.9-4.11
Info:  0.1  4.7  Source res_upper_SB_LUT4_O_2_LC.COUT
Info:  0.0  4.7    Net res_upper_SB_LUT4_O_3_I1[3] budget 0.000000 ns (4,11) -> (4,11)
Info:                Sink res_upper_SB_LUT4_O_3_LC.CIN
Info:                Defined in:
Info:                  /usr/local/bin/../share/yosys/ice40/arith_map.v:62.5-70.4
Info:                  /usr/local/bin/../share/yosys/ice40/abc9_model.v:4.9-4.11
Info:  0.1  4.9  Source res_upper_SB_LUT4_O_3_LC.COUT
Info:  0.0  4.9    Net res_upper_SB_LUT4_O_4_I1[3] budget 0.000000 ns (4,11) -> (4,11)
Info:                Sink res_upper_SB_LUT4_O_4_LC.CIN
Info:                Defined in:
Info:                  /usr/local/bin/../share/yosys/ice40/arith_map.v:62.5-70.4
Info:                  /usr/local/bin/../share/yosys/ice40/abc9_model.v:4.9-4.11
Info:  0.1  5.0  Source res_upper_SB_LUT4_O_4_LC.COUT
Info:  0.0  5.0    Net res_upper_SB_LUT4_O_5_I1[3] budget 0.000000 ns (4,11) -> (4,11)
Info:                Sink res_upper_SB_LUT4_O_5_LC.CIN
Info:                Defined in:
Info:                  /usr/local/bin/../share/yosys/ice40/arith_map.v:62.5-70.4
Info:                  /usr/local/bin/../share/yosys/ice40/abc9_model.v:4.9-4.11
Info:  0.1  5.1  Source res_upper_SB_LUT4_O_5_LC.COUT
Info:  0.0  5.1    Net res_upper_SB_LUT4_O_6_I1[3] budget 0.000000 ns (4,11) -> (4,11)
Info:                Sink res_upper_SB_LUT4_O_6_LC.CIN
Info:                Defined in:
Info:                  /usr/local/bin/../share/yosys/ice40/arith_map.v:62.5-70.4
Info:                  /usr/local/bin/../share/yosys/ice40/abc9_model.v:4.9-4.11
Info:  0.1  5.2  Source res_upper_SB_LUT4_O_6_LC.COUT
Info:  0.0  5.2    Net res_upper_SB_LUT4_O_7_I1[3] budget 0.000000 ns (4,11) -> (4,11)
Info:                Sink res_upper_SB_LUT4_O_7_LC.CIN
Info:                Defined in:
Info:                  /usr/local/bin/../share/yosys/ice40/arith_map.v:62.5-70.4
Info:                  /usr/local/bin/../share/yosys/ice40/abc9_model.v:4.9-4.11
Info:  0.1  5.4  Source res_upper_SB_LUT4_O_7_LC.COUT
Info:  0.0  5.4    Net res_upper_SB_LUT4_O_8_I1[3] budget 0.000000 ns (4,11) -> (4,11)
Info:                Sink res_upper_SB_LUT4_O_8_LC.CIN
Info:                Defined in:
Info:                  /usr/local/bin/../share/yosys/ice40/arith_map.v:62.5-70.4
Info:                  /usr/local/bin/../share/yosys/ice40/abc9_model.v:4.9-4.11
Info:  0.1  5.5  Source res_upper_SB_LUT4_O_8_LC.COUT
Info:  0.2  5.7    Net res_upper_SB_LUT4_O_9_I1[3] budget 0.190000 ns (4,11) -> (4,12)
Info:                Sink res_upper_SB_LUT4_O_9_LC.CIN
Info:                Defined in:
Info:                  /usr/local/bin/../share/yosys/ice40/arith_map.v:62.5-70.4
Info:                  /usr/local/bin/../share/yosys/ice40/abc9_model.v:4.9-4.11
Info:  0.1  5.8  Source res_upper_SB_LUT4_O_9_LC.COUT
Info:  0.0  5.8    Net res_upper_SB_LUT4_O_10_I1[3] budget 0.000000 ns (4,12) -> (4,12)
Info:                Sink res_upper_SB_LUT4_O_10_LC.CIN
Info:                Defined in:
Info:                  /usr/local/bin/../share/yosys/ice40/arith_map.v:62.5-70.4
Info:                  /usr/local/bin/../share/yosys/ice40/abc9_model.v:4.9-4.11
Info:  0.1  5.9  Source res_upper_SB_LUT4_O_10_LC.COUT
Info:  0.0  5.9    Net res_upper_SB_LUT4_O_11_I1[3] budget 0.000000 ns (4,12) -> (4,12)
Info:                Sink res_upper_SB_LUT4_O_11_LC.CIN
Info:                Defined in:
Info:                  /usr/local/bin/../share/yosys/ice40/arith_map.v:62.5-70.4
Info:                  /usr/local/bin/../share/yosys/ice40/abc9_model.v:4.9-4.11
Info:  0.1  6.1  Source res_upper_SB_LUT4_O_11_LC.COUT
Info:  0.0  6.1    Net res_upper_SB_LUT4_O_12_I1[3] budget 0.000000 ns (4,12) -> (4,12)
Info:                Sink res_upper_SB_LUT4_O_12_LC.CIN
Info:                Defined in:
Info:                  /usr/local/bin/../share/yosys/ice40/arith_map.v:62.5-70.4
Info:                  /usr/local/bin/../share/yosys/ice40/abc9_model.v:4.9-4.11
Info:  0.1  6.2  Source res_upper_SB_LUT4_O_12_LC.COUT
Info:  0.0  6.2    Net res_upper_SB_LUT4_O_13_I1[3] budget 0.000000 ns (4,12) -> (4,12)
Info:                Sink res_upper_SB_LUT4_O_13_LC.CIN
Info:                Defined in:
Info:                  /usr/local/bin/../share/yosys/ice40/arith_map.v:62.5-70.4
Info:                  /usr/local/bin/../share/yosys/ice40/abc9_model.v:4.9-4.11
Info:  0.1  6.3  Source res_upper_SB_LUT4_O_13_LC.COUT
Info:  0.0  6.3    Net res_upper_SB_LUT4_O_14_I1[3] budget 0.000000 ns (4,12) -> (4,12)
Info:                Sink res_upper_SB_LUT4_O_14_LC.CIN
Info:                Defined in:
Info:                  /usr/local/bin/../share/yosys/ice40/arith_map.v:62.5-70.4
Info:                  /usr/local/bin/../share/yosys/ice40/abc9_model.v:4.9-4.11
Info:  0.1  6.4  Source res_upper_SB_LUT4_O_14_LC.COUT
Info:  0.3  6.7    Net res_upper_SB_LUT4_O_I0[3] budget 0.260000 ns (4,12) -> (4,12)
Info:                Sink res_upper_SB_LUT4_O_LC.I3
Info:                Defined in:
Info:                  /usr/local/bin/../share/yosys/ice40/arith_map.v:62.5-70.4
Info:                  /usr/local/bin/../share/yosys/ice40/abc9_model.v:4.9-4.11
Info:  0.3  7.0  Setup res_upper_SB_LUT4_O_LC.I3
Info: 4.2 ns logic, 2.9 ns routing

Info: Critical path report for cross-domain path '<async>' -> 'posedge clk$SB_IO_IN_$glb_clk':
Info: curr total
Info:  0.0  0.0  Source multiplicand[10]$sb_io.D_IN_0
Info:  3.2  3.2    Net a_high[2] budget 40.831001 ns (33,17) -> (6,11)
Info:                Sink mult1.calc_3x_SB_LUT4_O_2_LC.I1
Info:                Defined in:
Info:                  ../rtl/booth_radix8_multiplier_su_5_linear_146.v:134.41-134.53
Info:  0.3  3.4  Source mult1.calc_3x_SB_LUT4_O_2_LC.COUT
Info:  0.0  3.4    Net mult1.calc_3x_SB_LUT4_O_3_I3 budget 0.000000 ns (6,11) -> (6,11)
Info:                Sink mult1.calc_3x_SB_LUT4_O_3_LC.CIN
Info:                Defined in:
Info:                  ../rtl/booth_radix8_multiplier_su_5_linear_146.v:166.17-170.6
Info:                  ../rtl/booth_radix8_multiplier_su_5_linear_146.v:38.43-38.82
Info:                  /usr/local/bin/../share/yosys/ice40/arith_map.v:62.5-70.4
Info:                  /usr/local/bin/../share/yosys/ice40/abc9_model.v:4.9-4.11
Info:  0.1  3.6  Source mult1.calc_3x_SB_LUT4_O_3_LC.COUT
Info:  0.0  3.6    Net mult1.calc_3x_SB_LUT4_O_4_I3 budget 0.000000 ns (6,11) -> (6,11)
Info:                Sink mult1.calc_3x_SB_LUT4_O_4_LC.CIN
Info:                Defined in:
Info:                  ../rtl/booth_radix8_multiplier_su_5_linear_146.v:166.17-170.6
Info:                  ../rtl/booth_radix8_multiplier_su_5_linear_146.v:38.43-38.82
Info:                  /usr/local/bin/../share/yosys/ice40/arith_map.v:62.5-70.4
Info:                  /usr/local/bin/../share/yosys/ice40/abc9_model.v:4.9-4.11
Info:  0.1  3.7  Source mult1.calc_3x_SB_LUT4_O_4_LC.COUT
Info:  0.0  3.7    Net mult1.calc_3x_SB_LUT4_O_5_I3 budget 0.000000 ns (6,11) -> (6,11)
Info:                Sink mult1.calc_3x_SB_LUT4_O_5_LC.CIN
Info:                Defined in:
Info:                  ../rtl/booth_radix8_multiplier_su_5_linear_146.v:166.17-170.6
Info:                  ../rtl/booth_radix8_multiplier_su_5_linear_146.v:38.43-38.82
Info:                  /usr/local/bin/../share/yosys/ice40/arith_map.v:62.5-70.4
Info:                  /usr/local/bin/../share/yosys/ice40/abc9_model.v:4.9-4.11
Info:  0.1  3.8  Source mult1.calc_3x_SB_LUT4_O_5_LC.COUT
Info:  0.0  3.8    Net mult1.calc_3x_SB_LUT4_O_6_I3 budget 0.000000 ns (6,11) -> (6,11)
Info:                Sink mult1.calc_3x_SB_LUT4_O_6_LC.CIN
Info:                Defined in:
Info:                  ../rtl/booth_radix8_multiplier_su_5_linear_146.v:166.17-170.6
Info:                  ../rtl/booth_radix8_multiplier_su_5_linear_146.v:38.43-38.82
Info:                  /usr/local/bin/../share/yosys/ice40/arith_map.v:62.5-70.4
Info:                  /usr/local/bin/../share/yosys/ice40/abc9_model.v:4.9-4.11
Info:  0.1  3.9  Source mult1.calc_3x_SB_LUT4_O_6_LC.COUT
Info:  0.0  3.9    Net mult1.calc_3x_SB_LUT4_O_7_I3 budget 0.000000 ns (6,11) -> (6,11)
Info:                Sink mult1.calc_3x_SB_LUT4_O_7_LC.CIN
Info:                Defined in:
Info:                  ../rtl/booth_radix8_multiplier_su_5_linear_146.v:166.17-170.6
Info:                  ../rtl/booth_radix8_multiplier_su_5_linear_146.v:38.43-38.82
Info:                  /usr/local/bin/../share/yosys/ice40/arith_map.v:62.5-70.4
Info:                  /usr/local/bin/../share/yosys/ice40/abc9_model.v:4.9-4.11
Info:  0.1  4.1  Source mult1.calc_3x_SB_LUT4_O_7_LC.COUT
Info:  0.0  4.1    Net mult1.calc_3x_SB_LUT4_O_8_I3 budget 0.000000 ns (6,11) -> (6,11)
Info:                Sink mult1.calc_3x_SB_LUT4_O_8_LC.CIN
Info:                Defined in:
Info:                  ../rtl/booth_radix8_multiplier_su_5_linear_146.v:166.17-170.6
Info:                  ../rtl/booth_radix8_multiplier_su_5_linear_146.v:38.43-38.82
Info:                  /usr/local/bin/../share/yosys/ice40/arith_map.v:62.5-70.4
Info:                  /usr/local/bin/../share/yosys/ice40/abc9_model.v:4.9-4.11
Info:  0.1  4.2  Source mult1.calc_3x_SB_LUT4_O_8_LC.COUT
Info:  0.5  4.6    Net mult1.calc_3x_SB_LUT4_O_I3 budget 0.560000 ns (6,11) -> (6,12)
Info:                Sink mult1.calc_3x_SB_LUT4_O_LC.I3
Info:                Defined in:
Info:                  ../rtl/booth_radix8_multiplier_su_5_linear_146.v:166.17-170.6
Info:                  ../rtl/booth_radix8_multiplier_su_5_linear_146.v:38.43-38.82
Info:                  /usr/local/bin/../share/yosys/ice40/arith_map.v:62.5-70.4
Info:                  /usr/local/bin/../share/yosys/ice40/abc9_model.v:4.9-4.11
Info:  0.3  5.0  Source mult1.calc_3x_SB_LUT4_O_LC.O
Info:  1.0  5.9    Net mult1.calc_3x[9] budget 27.136000 ns (6,12) -> (6,10)
Info:                Sink mult1.sign_bit_a_SB_DFFER_D_Q_SB_LUT4_I0_3_O_SB_LUT4_O_I0_SB_DFFER_Q_1_DFFLC.I0
Info:                Defined in:
Info:                  ../rtl/booth_radix8_multiplier_su_5_linear_146.v:178.17-182.6
Info:                  ../rtl/booth_radix8_multiplier_su_5_linear_146.v:38.33-38.40
Info:  0.5  6.4  Setup mult1.sign_bit_a_SB_DFFER_D_Q_SB_LUT4_I0_3_O_SB_LUT4_O_I0_SB_DFFER_Q_1_DFFLC.I0
Info: 1.8 ns logic, 4.6 ns routing

Info: Critical path report for cross-domain path 'posedge clk$SB_IO_IN_$glb_clk' -> '<async>':
Info: curr total
Info:  0.5  0.5  Source res_upper_SB_LUT4_O_2_LC.O
Info:  3.2  3.7    Net product[18]$SB_IO_OUT budget 82.792999 ns (4,11) -> (33,13)
Info:                Sink product[18]$sb_io.D_OUT_0
Info:                Defined in:
Info:                  ../rtl/booth_radix8_multiplier_su_5_linear_146.v:137.41-137.48
Info: 0.5 ns logic, 3.2 ns routing

Info: Max frequency for clock 'clk$SB_IO_IN_$glb_clk': 142.13 MHz (PASS at 12.00 MHz)

Info: Max delay <async>                       -> posedge clk$SB_IO_IN_$glb_clk: 6.39 ns
Info: Max delay posedge clk$SB_IO_IN_$glb_clk -> <async>                      : 3.70 ns

Info: Slack histogram:
Info:  legend: * represents 4 endpoint(s)
Info:          + represents [1,4) endpoint(s)
Info: [ 76297,  76597) |******+
Info: [ 76597,  76897) |**********+
Info: [ 76897,  77197) |*******+
Info: [ 77197,  77497) |*+
Info: [ 77497,  77797) |****+
Info: [ 77797,  78097) |***+
Info: [ 78097,  78397) |****+
Info: [ 78397,  78697) |******+
Info: [ 78697,  78997) |************+
Info: [ 78997,  79297) |***********+
Info: [ 79297,  79597) |*********+
Info: [ 79597,  79897) |*****+
Info: [ 79897,  80197) |************************************************************ 
Info: [ 80197,  80497) |******+
Info: [ 80497,  80797) |************+
Info: [ 80797,  81097) |*****+
Info: [ 81097,  81397) |****************+
Info: [ 81397,  81697) |*********+
Info: [ 81697,  81997) |******************+
Info: [ 81997,  82297) |+
1 warning, 0 errors

Info: Program finished normally.
