Warning: No PCF file specified; IO pins will be placed automatically

Info: Packing constants..
Info: Packing IOs..
Info: Packing LUT-FFs..
Info:      230 LCs used as LUT4 only
Info:      114 LCs used as LUT4 and DFF
Info: Packing non-LUT FFs..
Info:       87 LCs used as DFF only
Info: Packing carries..
Info:        3 LCs used as CARRY only
Info: Packing indirect carry+LUT pairs...
Info:        0 LUTs merged into carry LCs
Info: Packing RAMs..
Info: Placing PLLs..
Info: Packing special functions..
Info: Packing PLLs..
Info: Promoting globals..
Info: promoting clk$SB_IO_IN (fanout 201)
Info: promoting rst_n_SB_LUT4_I3_O [reset] (fanout 201)
Info: promoting busy_SB_LUT4_I0_O [cen] (fanout 32)
Info: promoting busy_SB_LUT4_I0_I2_SB_LUT4_I3_1_O [cen] (fanout 21)
Info: promoting busy_SB_LUT4_I0_I2_SB_LUT4_O_I1_SB_LUT4_I3_1_O [cen] (fanout 21)
Info: promoting busy_SB_LUT4_I0_I2_SB_LUT4_O_I2_SB_LUT4_I3_O [cen] (fanout 21)
Info: Constraining chains...
Info:        5 LCs used to legalise carry chains.
Info: Checksum: 0x1499a7c3

Info: Annotating ports with timing budgets for target frequency 12.00 MHz
Info: Checksum: 0xc2b08e2e

Info: Device utilisation:
Info: 	         ICESTORM_LC:   441/ 7680     5%
Info: 	        ICESTORM_RAM:     0/   32     0%
Info: 	               SB_IO:    71/  256    27%
Info: 	               SB_GB:     6/    8    75%
Info: 	        ICESTORM_PLL:     0/    2     0%
Info: 	         SB_WARMBOOT:     0/    1     0%

Info: Placed 0 cells based on constraints.
Info: Creating initial analytic placement for 363 cells, random placement wirelen = 13426.
Info:     at initial placer iter 0, wirelen = 1808
Info:     at initial placer iter 1, wirelen = 1778
Info:     at initial placer iter 2, wirelen = 1784
Info:     at initial placer iter 3, wirelen = 1783
Info: Running main analytical placer.
Info:     at iteration #1, type ALL: wirelen solved = 1794, spread = 3129, legal = 3397; time = 0.02s
Info:     at iteration #2, type ALL: wirelen solved = 1824, spread = 2919, legal = 3056; time = 0.02s
Info:     at iteration #3, type ALL: wirelen solved = 1872, spread = 2839, legal = 2929; time = 0.02s
Info:     at iteration #4, type ALL: wirelen solved = 1901, spread = 2853, legal = 3021; time = 0.02s
Info:     at iteration #5, type ALL: wirelen solved = 1997, spread = 2853, legal = 2979; time = 0.02s
Info:     at iteration #6, type ALL: wirelen solved = 2062, spread = 2877, legal = 2977; time = 0.02s
Info:     at iteration #7, type ALL: wirelen solved = 2090, spread = 2813, legal = 2943; time = 0.02s
Info:     at iteration #8, type ALL: wirelen solved = 2090, spread = 2799, legal = 2936; time = 0.02s
Info: HeAP Placer Time: 0.19s
Info:   of which solving equations: 0.12s
Info:   of which spreading cells: 0.01s
Info:   of which strict legalisation: 0.03s

Info: Running simulated annealing placer for refinement.
Info:   at iteration #1: temp = 0.000000, timing cost = 21, wirelen = 2929
Info:   at iteration #5: temp = 0.000000, timing cost = 30, wirelen = 2279
Info:   at iteration #10: temp = 0.000000, timing cost = 17, wirelen = 2208
Info:   at iteration #15: temp = 0.000000, timing cost = 32, wirelen = 2174
Info:   at iteration #16: temp = 0.000000, timing cost = 31, wirelen = 2165 
Info: SA placement time 0.24s

Info: Max frequency for clock 'clk$SB_IO_IN_$glb_clk': 122.19 MHz (PASS at 12.00 MHz)

Info: Max delay <async>                       -> posedge clk$SB_IO_IN_$glb_clk: 5.82 ns
Info: Max delay posedge clk$SB_IO_IN_$glb_clk -> <async>                      : 3.65 ns

Info: Slack histogram:
Info:  legend: * represents 2 endpoint(s)
Info:          + represents [1,2) endpoint(s)
Info: [ 75149,  75486) |*********+
Info: [ 75486,  75823) |*************+
Info: [ 75823,  76160) |******************+
Info: [ 76160,  76497) |**+
Info: [ 76497,  76834) |**+
Info: [ 76834,  77171) |***+
Info: [ 77171,  77508) |***+
Info: [ 77508,  77845) |**********+
Info: [ 77845,  78182) |***********************************************+
Info: [ 78182,  78519) |************************************************************ 
Info: [ 78519,  78856) |********************+
Info: [ 78856,  79193) |*******************+
Info: [ 79193,  79530) |************ 
Info: [ 79530,  79867) |**************************+
Info: [ 79867,  80204) |*******************+
Info: [ 80204,  80541) |*************************+
Info: [ 80541,  80878) |************************+
Info: [ 80878,  81215) |*************************************************+
Info: [ 81215,  81552) |*************+
Info: [ 81552,  81889) |***************************************+
Info: Checksum: 0xa90565db

Info: Routing..
Info: Setting up routing queue.
Info: Routing 1556 arcs.
Info:            |   (re-)routed arcs  |   delta    | remaining|       time spent     |
Info:    IterCnt |  w/ripup   wo/ripup |  w/r  wo/r |      arcs| batch(sec) total(sec)|
Info:       1000 |       83        864 |   83   864 |       663|       0.15       0.15|
Info:       1826 |      196       1561 |  113   697 |         0|       0.34       0.48|
Info: Routing complete.
Info: Router1 time 0.48s
Info: Checksum: 0x3bb85ea5

Info: Critical path report for clock 'clk$SB_IO_IN_$glb_clk' (posedge -> posedge):
Info: curr total
Info:  0.5  0.5  Source sign_mode_SB_DFFER_D_Q_SB_LUT4_I2_O_SB_LUT4_O_9_LC.O
Info:  1.3  1.8    Net busy_SB_LUT4_I0_I2_SB_LUT4_I3_1_O_SB_DFFER_E_Q[1] budget 40.987999 ns (14,9) -> (14,6)
Info:                Sink res_upper_SB_LUT4_O_15_I1_SB_LUT4_O_LC.I1
Info:                Defined in:
Info:                  /usr/local/bin/../share/yosys/ice40/cells_map.v:6.21-6.22
Info:  0.4  2.2  Source res_upper_SB_LUT4_O_15_I1_SB_LUT4_O_LC.O
Info:  0.6  2.8    Net res_upper_SB_LUT4_O_15_I1[1] budget 40.987000 ns (14,6) -> (13,5)
Info:                Sink res_upper_SB_LUT4_O_15_LC.I1
Info:                Defined in:
Info:                  /usr/local/bin/../share/yosys/ice40/arith_map.v:62.5-70.4
Info:                  /usr/local/bin/../share/yosys/ice40/cells_map.v:6.21-6.22
Info:  0.3  3.1  Source res_upper_SB_LUT4_O_15_LC.COUT
Info:  0.0  3.1    Net res_upper_SB_LUT4_O_16_I1[3] budget 0.000000 ns (13,5) -> (13,5)
Info:                Sink res_upper_SB_LUT4_O_16_LC.CIN
Info:                Defined in:
Info:                  /usr/local/bin/../share/yosys/ice40/arith_map.v:62.5-70.4
Info:                  /usr/local/bin/../share/yosys/ice40/abc9_model.v:4.9-4.11
Info:  0.1  3.2  Source res_upper_SB_LUT4_O_16_LC.COUT
Info:  0.0  3.2    Net res_upper_SB_LUT4_O_17_I1[3] budget 0.000000 ns (13,5) -> (13,5)
Info:                Sink res_upper_SB_LUT4_O_17_LC.CIN
Info:                Defined in:
Info:                  /usr/local/bin/../share/yosys/ice40/arith_map.v:62.5-70.4
Info:                  /usr/local/bin/../share/yosys/ice40/abc9_model.v:4.9-4.11
Info:  0.1  3.3  Source res_upper_SB_LUT4_O_17_LC.COUT
Info:  0.0  3.3    Net res_upper_SB_LUT4_O_18_I1[3] budget 0.000000 ns (13,5) -> (13,5)
Info:                Sink res_upper_SB_LUT4_O_18_LC.CIN
Info:                Defined in:
Info:                  /usr/local/bin/../share/yosys/ice40/arith_map.v:62.5-70.4
Info:                  /usr/local/bin/../share/yosys/ice40/abc9_model.v:4.9-4.11
Info:  0.1  3.4  Source res_upper_SB_LUT4_O_18_LC.COUT
Info:  0.0  3.4    Net res_upper_SB_LUT4_O_19_I1[3] budget 0.000000 ns (13,5) -> (13,5)
Info:                Sink res_upper_SB_LUT4_O_19_LC.CIN
Info:                Defined in:
Info:                  /usr/local/bin/../share/yosys/ice40/arith_map.v:62.5-70.4
Info:                  /usr/local/bin/../share/yosys/ice40/abc9_model.v:4.9-4.11
Info:  0.1  3.6  Source res_upper_SB_LUT4_O_19_LC.COUT
Info:  0.0  3.6    Net res_upper_SB_LUT4_O_20_I1[3] budget 0.000000 ns (13,5) -> (13,5)
Info:                Sink res_upper_SB_LUT4_O_20_LC.CIN
Info:                Defined in:
Info:                  /usr/local/bin/../share/yosys/ice40/arith_map.v:62.5-70.4
Info:                  /usr/local/bin/../share/yosys/ice40/abc9_model.v:4.9-4.11
Info:  0.1  3.7  Source res_upper_SB_LUT4_O_20_LC.COUT
Info:  0.0  3.7    Net res_upper_SB_LUT4_O_21_I1[3] budget 0.000000 ns (13,5) -> (13,5)
Info:                Sink res_upper_SB_LUT4_O_21_LC.CIN
Info:                Defined in:
Info:                  /usr/local/bin/../share/yosys/ice40/arith_map.v:62.5-70.4
Info:                  /usr/local/bin/../share/yosys/ice40/abc9_model.v:4.9-4.11
Info:  0.1  3.8  Source res_upper_SB_LUT4_O_21_LC.COUT
Info:  0.0  3.8    Net res_upper_SB_LUT4_O_22_I1[3] budget 0.000000 ns (13,5) -> (13,5)
Info:                Sink res_upper_SB_LUT4_O_22_LC.CIN
Info:                Defined in:
Info:                  /usr/local/bin/../share/yosys/ice40/arith_map.v:62.5-70.4
Info:                  /usr/local/bin/../share/yosys/ice40/abc9_model.v:4.9-4.11
Info:  0.1  3.9  Source res_upper_SB_LUT4_O_22_LC.COUT
Info:  0.2  4.1    Net res_upper_SB_LUT4_O_1_I1[3] budget 0.190000 ns (13,5) -> (13,6)
Info:                Sink res_upper_SB_LUT4_O_1_LC.CIN
Info:                Defined in:
Info:                  /usr/local/bin/../share/yosys/ice40/arith_map.v:62.5-70.4
Info:                  /usr/local/bin/../share/yosys/ice40/abc9_model.v:4.9-4.11
Info:  0.1  4.3  Source res_upper_SB_LUT4_O_1_LC.COUT
Info:  0.0  4.3    Net res_upper_SB_LUT4_O_2_I1[3] budget 0.000000 ns (13,6) -> (13,6)
Info:                Sink res_upper_SB_LUT4_O_2_LC.CIN
Info:                Defined in:
Info:                  /usr/local/bin/../share/yosys/ice40/arith_map.v:62.5-70.4
Info:                  /usr/local/bin/../share/yosys/ice40/abc9_model.v:4.9-4.11
Info:  0.1  4.4  Source res_upper_SB_LUT4_O_2_LC.COUT
Info:  0.0  4.4    Net res_upper_SB_LUT4_O_3_I1[3] budget 0.000000 ns (13,6) -> (13,6)
Info:                Sink res_upper_SB_LUT4_O_3_LC.CIN
Info:                Defined in:
Info:                  /usr/local/bin/../share/yosys/ice40/arith_map.v:62.5-70.4
Info:                  /usr/local/bin/../share/yosys/ice40/abc9_model.v:4.9-4.11
Info:  0.1  4.5  Source res_upper_SB_LUT4_O_3_LC.COUT
Info:  0.0  4.5    Net res_upper_SB_LUT4_O_4_I1[3] budget 0.000000 ns (13,6) -> (13,6)
Info:                Sink res_upper_SB_LUT4_O_4_LC.CIN
Info:                Defined in:
Info:                  /usr/local/bin/../share/yosys/ice40/arith_map.v:62.5-70.4
Info:                  /usr/local/bin/../share/yosys/ice40/abc9_model.v:4.9-4.11
Info:  0.1  4.6  Source res_upper_SB_LUT4_O_4_LC.COUT
Info:  0.0  4.6    Net res_upper_SB_LUT4_O_5_I1[3] budget 0.000000 ns (13,6) -> (13,6)
Info:                Sink res_upper_SB_LUT4_O_5_LC.CIN
Info:                Defined in:
Info:                  /usr/local/bin/../share/yosys/ice40/arith_map.v:62.5-70.4
Info:                  /usr/local/bin/../share/yosys/ice40/abc9_model.v:4.9-4.11
Info:  0.1  4.8  Source res_upper_SB_LUT4_O_5_LC.COUT
Info:  0.0  4.8    Net res_upper_SB_LUT4_O_6_I1[3] budget 0.000000 ns (13,6) -> (13,6)
Info:                Sink res_upper_SB_LUT4_O_6_LC.CIN
Info:                Defined in:
Info:                  /usr/local/bin/../share/yosys/ice40/arith_map.v:62.5-70.4
Info:                  /usr/local/bin/../share/yosys/ice40/abc9_model.v:4.9-4.11
Info:  0.1  4.9  Source res_upper_SB_LUT4_O_6_LC.COUT
Info:  0.0  4.9    Net res_upper_SB_LUT4_O_7_I1[3] budget 0.000000 ns (13,6) -> (13,6)
Info:                Sink res_upper_SB_LUT4_O_7_LC.CIN
Info:                Defined in:
Info:                  /usr/local/bin/../share/yosys/ice40/arith_map.v:62.5-70.4
Info:                  /usr/local/bin/../share/yosys/ice40/abc9_model.v:4.9-4.11
Info:  0.1  5.0  Source res_upper_SB_LUT4_O_7_LC.COUT
Info:  0.0  5.0    Net res_upper_SB_LUT4_O_8_I1[3] budget 0.000000 ns (13,6) -> (13,6)
Info:                Sink res_upper_SB_LUT4_O_8_LC.CIN
Info:                Defined in:
Info:                  /usr/local/bin/../share/yosys/ice40/arith_map.v:62.5-70.4
Info:                  /usr/local/bin/../share/yosys/ice40/abc9_model.v:4.9-4.11
Info:  0.1  5.1  Source res_upper_SB_LUT4_O_8_LC.COUT
Info:  0.2  5.3    Net res_upper_SB_LUT4_O_9_I1[3] budget 0.190000 ns (13,6) -> (13,7)
Info:                Sink res_upper_SB_LUT4_O_9_LC.CIN
Info:                Defined in:
Info:                  /usr/local/bin/../share/yosys/ice40/arith_map.v:62.5-70.4
Info:                  /usr/local/bin/../share/yosys/ice40/abc9_model.v:4.9-4.11
Info:  0.1  5.5  Source res_upper_SB_LUT4_O_9_LC.COUT
Info:  0.0  5.5    Net res_upper_SB_LUT4_O_10_I1[3] budget 0.000000 ns (13,7) -> (13,7)
Info:                Sink res_upper_SB_LUT4_O_10_LC.CIN
Info:                Defined in:
Info:                  /usr/local/bin/../share/yosys/ice40/arith_map.v:62.5-70.4
Info:                  /usr/local/bin/../share/yosys/ice40/abc9_model.v:4.9-4.11
Info:  0.1  5.6  Source res_upper_SB_LUT4_O_10_LC.COUT
Info:  0.0  5.6    Net res_upper_SB_LUT4_O_11_I1[3] budget 0.000000 ns (13,7) -> (13,7)
Info:                Sink res_upper_SB_LUT4_O_11_LC.CIN
Info:                Defined in:
Info:                  /usr/local/bin/../share/yosys/ice40/arith_map.v:62.5-70.4
Info:                  /usr/local/bin/../share/yosys/ice40/abc9_model.v:4.9-4.11
Info:  0.1  5.7  Source res_upper_SB_LUT4_O_11_LC.COUT
Info:  0.0  5.7    Net res_upper_SB_LUT4_O_12_I1[3] budget 0.000000 ns (13,7) -> (13,7)
Info:                Sink res_upper_SB_LUT4_O_12_LC.CIN
Info:                Defined in:
Info:                  /usr/local/bin/../share/yosys/ice40/arith_map.v:62.5-70.4
Info:                  /usr/local/bin/../share/yosys/ice40/abc9_model.v:4.9-4.11
Info:  0.1  5.8  Source res_upper_SB_LUT4_O_12_LC.COUT
Info:  0.0  5.8    Net res_upper_SB_LUT4_O_13_I1[3] budget 0.000000 ns (13,7) -> (13,7)
Info:                Sink res_upper_SB_LUT4_O_13_LC.CIN
Info:                Defined in:
Info:                  /usr/local/bin/../share/yosys/ice40/arith_map.v:62.5-70.4
Info:                  /usr/local/bin/../share/yosys/ice40/abc9_model.v:4.9-4.11
Info:  0.1  6.0  Source res_upper_SB_LUT4_O_13_LC.COUT
Info:  0.0  6.0    Net res_upper_SB_LUT4_O_14_I1[3] budget 0.000000 ns (13,7) -> (13,7)
Info:                Sink res_upper_SB_LUT4_O_14_LC.CIN
Info:                Defined in:
Info:                  /usr/local/bin/../share/yosys/ice40/arith_map.v:62.5-70.4
Info:                  /usr/local/bin/../share/yosys/ice40/abc9_model.v:4.9-4.11
Info:  0.1  6.1  Source res_upper_SB_LUT4_O_14_LC.COUT
Info:  0.3  6.4    Net res_upper_SB_LUT4_O_I0[3] budget 0.260000 ns (13,7) -> (13,7)
Info:                Sink res_upper_SB_LUT4_O_LC.I3
Info:                Defined in:
Info:                  /usr/local/bin/../share/yosys/ice40/arith_map.v:62.5-70.4
Info:                  /usr/local/bin/../share/yosys/ice40/abc9_model.v:4.9-4.11
Info:  0.3  6.7  Setup res_upper_SB_LUT4_O_LC.I3
Info: 4.2 ns logic, 2.5 ns routing

Info: Critical path report for cross-domain path '<async>' -> 'posedge clk$SB_IO_IN_$glb_clk':
Info: curr total
Info:  0.0  0.0  Source multiplicand[2]$sb_io.D_IN_0
Info:  2.6  2.6    Net a_low[2] budget 0.000000 ns (0,8) -> (18,9)
Info:                Sink mult0.calc_3x_SB_LUT4_O_2_LC.I1
Info:                Defined in:
Info:                  ../rtl/booth_radix8_multiplier_su_5_linear_146.v:134.41-134.53
Info:  0.3  2.8  Source mult0.calc_3x_SB_LUT4_O_2_LC.COUT
Info:  0.0  2.8    Net mult0.calc_3x_SB_LUT4_O_3_I3 budget 0.000000 ns (18,9) -> (18,9)
Info:                Sink mult0.calc_3x_SB_LUT4_O_3_LC.CIN
Info:                Defined in:
Info:                  ../rtl/booth_radix8_multiplier_su_5_linear_146.v:160.17-164.6
Info:                  ../rtl/booth_radix8_multiplier_su_5_linear_146.v:38.43-38.82
Info:                  /usr/local/bin/../share/yosys/ice40/arith_map.v:62.5-70.4
Info:                  /usr/local/bin/../share/yosys/ice40/abc9_model.v:4.9-4.11
Info:  0.1  3.0  Source mult0.calc_3x_SB_LUT4_O_3_LC.COUT
Info:  0.0  3.0    Net mult0.calc_3x_SB_LUT4_O_4_I3 budget 0.000000 ns (18,9) -> (18,9)
Info:                Sink mult0.calc_3x_SB_LUT4_O_4_LC.CIN
Info:                Defined in:
Info:                  ../rtl/booth_radix8_multiplier_su_5_linear_146.v:160.17-164.6
Info:                  ../rtl/booth_radix8_multiplier_su_5_linear_146.v:38.43-38.82
Info:                  /usr/local/bin/../share/yosys/ice40/arith_map.v:62.5-70.4
Info:                  /usr/local/bin/../share/yosys/ice40/abc9_model.v:4.9-4.11
Info:  0.1  3.1  Source mult0.calc_3x_SB_LUT4_O_4_LC.COUT
Info:  0.0  3.1    Net mult0.calc_3x_SB_LUT4_O_5_I3 budget 0.000000 ns (18,9) -> (18,9)
Info:                Sink mult0.calc_3x_SB_LUT4_O_5_LC.CIN
Info:                Defined in:
Info:                  ../rtl/booth_radix8_multiplier_su_5_linear_146.v:160.17-164.6
Info:                  ../rtl/booth_radix8_multiplier_su_5_linear_146.v:38.43-38.82
Info:                  /usr/local/bin/../share/yosys/ice40/arith_map.v:62.5-70.4
Info:                  /usr/local/bin/../share/yosys/ice40/abc9_model.v:4.9-4.11
Info:  0.1  3.2  Source mult0.calc_3x_SB_LUT4_O_5_LC.COUT
Info:  0.0  3.2    Net mult0.calc_3x_SB_LUT4_O_6_I3 budget 0.000000 ns (18,9) -> (18,9)
Info:                Sink mult0.calc_3x_SB_LUT4_O_6_LC.CIN
Info:                Defined in:
Info:                  ../rtl/booth_radix8_multiplier_su_5_linear_146.v:160.17-164.6
Info:                  ../rtl/booth_radix8_multiplier_su_5_linear_146.v:38.43-38.82
Info:                  /usr/local/bin/../share/yosys/ice40/arith_map.v:62.5-70.4
Info:                  /usr/local/bin/../share/yosys/ice40/abc9_model.v:4.9-4.11
Info:  0.1  3.3  Source mult0.calc_3x_SB_LUT4_O_6_LC.COUT
Info:  0.0  3.3    Net mult0.calc_3x_SB_LUT4_O_7_I3 budget 0.000000 ns (18,9) -> (18,9)
Info:                Sink mult0.calc_3x_SB_LUT4_O_7_LC.CIN
Info:                Defined in:
Info:                  ../rtl/booth_radix8_multiplier_su_5_linear_146.v:160.17-164.6
Info:                  ../rtl/booth_radix8_multiplier_su_5_linear_146.v:38.43-38.82
Info:                  /usr/local/bin/../share/yosys/ice40/arith_map.v:62.5-70.4
Info:                  /usr/local/bin/../share/yosys/ice40/abc9_model.v:4.9-4.11
Info:  0.1  3.5  Source mult0.calc_3x_SB_LUT4_O_7_LC.COUT
Info:  0.0  3.5    Net mult0.calc_3x_SB_LUT4_O_I3 budget 0.000000 ns (18,9) -> (18,9)
Info:                Sink mult0.calc_3x_SB_LUT4_O_LC.CIN
Info:                Defined in:
Info:                  ../rtl/booth_radix8_multiplier_su_5_linear_146.v:160.17-164.6
Info:                  ../rtl/booth_radix8_multiplier_su_5_linear_146.v:38.43-38.82
Info:                  /usr/local/bin/../share/yosys/ice40/arith_map.v:62.5-70.4
Info:                  /usr/local/bin/../share/yosys/ice40/abc9_model.v:4.9-4.11
Info:  0.1  3.6  Source mult0.calc_3x_SB_LUT4_O_LC.COUT
Info:  0.5  4.0    Net $nextpnr_ICESTORM_LC_4$I3 budget 0.560000 ns (18,9) -> (18,10)
Info:                Sink $nextpnr_ICESTORM_LC_4.I3
Info:  0.3  4.4  Source $nextpnr_ICESTORM_LC_4.O
Info:  1.3  5.6    Net mult0.calc_3x[9] budget 81.408997 ns (18,10) -> (16,11)
Info:                Sink sign_mode_SB_DFFER_D_Q_SB_LUT4_I2_O_SB_LUT4_O_6_I1_SB_LUT4_O_I2_SB_LUT4_O_I0_SB_DFFER_Q_DFFLC.I0
Info:                Defined in:
Info:                  ../rtl/booth_radix8_multiplier_su_5_linear_146.v:172.17-176.6
Info:                  ../rtl/booth_radix8_multiplier_su_5_linear_146.v:38.33-38.40
Info:  0.5  6.1  Setup sign_mode_SB_DFFER_D_Q_SB_LUT4_I2_O_SB_LUT4_O_6_I1_SB_LUT4_O_I2_SB_LUT4_O_I0_SB_DFFER_Q_DFFLC.I0
Info: 1.8 ns logic, 4.3 ns routing

Info: Critical path report for cross-domain path 'posedge clk$SB_IO_IN_$glb_clk' -> '<async>':
Info: curr total
Info:  0.5  0.5  Source res_upper_SB_LUT4_O_5_LC.O
Info:  3.5  4.0    Net product[21]$SB_IO_OUT budget 82.792999 ns (13,6) -> (11,33)
Info:                Sink product[21]$sb_io.D_OUT_0
Info:                Defined in:
Info:                  ../rtl/booth_radix8_multiplier_su_5_linear_146.v:137.41-137.48
Info: 0.5 ns logic, 3.5 ns routing

Info: Max frequency for clock 'clk$SB_IO_IN_$glb_clk': 149.41 MHz (PASS at 12.00 MHz)

Info: Max delay <async>                       -> posedge clk$SB_IO_IN_$glb_clk: 6.10 ns
Info: Max delay posedge clk$SB_IO_IN_$glb_clk -> <async>                      : 4.04 ns

Info: Slack histogram:
Info:  legend: * represents 4 endpoint(s)
Info:          + represents [1,4) endpoint(s)
Info: [ 76640,  76906) |+
Info: [ 76906,  77172) |*+
Info: [ 77172,  77438) |*********+
Info: [ 77438,  77704) |********+
Info: [ 77704,  77970) |*******+
Info: [ 77970,  78236) |***+
Info: [ 78236,  78502) |****+
Info: [ 78502,  78768) |**********+
Info: [ 78768,  79034) |*******+
Info: [ 79034,  79300) |*********+
Info: [ 79300,  79566) |***********+
Info: [ 79566,  79832) |******+
Info: [ 79832,  80098) |*****+
Info: [ 80098,  80364) |********+
Info: [ 80364,  80630) |*****+
Info: [ 80630,  80896) |**************+
Info: [ 80896,  81162) |************************************************************ 
Info: [ 81162,  81428) |*******+
Info: [ 81428,  81694) |*****+
Info: [ 81694,  81960) |*******************+
1 warning, 0 errors

Info: Program finished normally.
