Warning: No PCF file specified; IO pins will be placed automatically

Info: Packing constants..
Info: Packing IOs..
Info: Packing LUT-FFs..
Info:      230 LCs used as LUT4 only
Info:      114 LCs used as LUT4 and DFF
Info: Packing non-LUT FFs..
Info:       87 LCs used as DFF only
Info: Packing carries..
Info:        3 LCs used as CARRY only
Info: Packing indirect carry+LUT pairs...
Info:        0 LUTs merged into carry LCs
Info: Packing RAMs..
Info: Placing PLLs..
Info: Packing special functions..
Info: Packing PLLs..
Info: Promoting globals..
Info: promoting clk$SB_IO_IN (fanout 201)
Info: promoting rst_n_SB_LUT4_I3_O [reset] (fanout 201)
Info: promoting busy_SB_LUT4_I0_O [cen] (fanout 32)
Info: promoting busy_SB_LUT4_I0_I2_SB_LUT4_I3_1_O [cen] (fanout 21)
Info: promoting busy_SB_LUT4_I0_I2_SB_LUT4_O_I1_SB_LUT4_I3_1_O [cen] (fanout 21)
Info: promoting busy_SB_LUT4_I0_I2_SB_LUT4_O_I2_SB_LUT4_I3_O [cen] (fanout 21)
Info: Constraining chains...
Info:        5 LCs used to legalise carry chains.
Info: Checksum: 0x1499a7c3

Info: Annotating ports with timing budgets for target frequency 12.00 MHz
Info: Checksum: 0xc2b08e2e

Info: Device utilisation:
Info: 	         ICESTORM_LC:   441/ 7680     5%
Info: 	        ICESTORM_RAM:     0/   32     0%
Info: 	               SB_IO:    71/  256    27%
Info: 	               SB_GB:     6/    8    75%
Info: 	        ICESTORM_PLL:     0/    2     0%
Info: 	         SB_WARMBOOT:     0/    1     0%

Info: Placed 0 cells based on constraints.
Info: Creating initial analytic placement for 363 cells, random placement wirelen = 14098.
Info:     at initial placer iter 0, wirelen = 2117
Info:     at initial placer iter 1, wirelen = 1843
Info:     at initial placer iter 2, wirelen = 1823
Info:     at initial placer iter 3, wirelen = 1842
Info: Running main analytical placer.
Info:     at iteration #1, type ALL: wirelen solved = 1820, spread = 3018, legal = 3252; time = 0.02s
Info:     at iteration #2, type ALL: wirelen solved = 1870, spread = 2991, legal = 3303; time = 0.02s
Info:     at iteration #3, type ALL: wirelen solved = 1859, spread = 3031, legal = 3233; time = 0.02s
Info:     at iteration #4, type ALL: wirelen solved = 1916, spread = 3313, legal = 3483; time = 0.01s
Info:     at iteration #5, type ALL: wirelen solved = 1980, spread = 3126, legal = 3331; time = 0.02s
Info:     at iteration #6, type ALL: wirelen solved = 2001, spread = 3042, legal = 3227; time = 0.02s
Info:     at iteration #7, type ALL: wirelen solved = 2032, spread = 3281, legal = 3428; time = 0.02s
Info:     at iteration #8, type ALL: wirelen solved = 2157, spread = 3048, legal = 3244; time = 0.01s
Info:     at iteration #9, type ALL: wirelen solved = 2173, spread = 3184, legal = 3391; time = 2.08s
Info:     at iteration #10, type ALL: wirelen solved = 2188, spread = 3149, legal = 3356; time = 0.02s
Info:     at iteration #11, type ALL: wirelen solved = 2274, spread = 3097, legal = 3272; time = 0.02s
Info: HeAP Placer Time: 2.31s
Info:   of which solving equations: 0.15s
Info:   of which spreading cells: 0.01s
Info:   of which strict legalisation: 2.10s

Info: Running simulated annealing placer for refinement.
Info:   at iteration #1: temp = 0.000000, timing cost = 22, wirelen = 3227
Info:   at iteration #5: temp = 0.000000, timing cost = 26, wirelen = 2431
Info:   at iteration #10: temp = 0.000000, timing cost = 13, wirelen = 2325
Info:   at iteration #15: temp = 0.000000, timing cost = 40, wirelen = 2247
Info:   at iteration #20: temp = 0.000000, timing cost = 13, wirelen = 2180
Info:   at iteration #20: temp = 0.000000, timing cost = 12, wirelen = 2181 
Info: SA placement time 0.29s

Info: Max frequency for clock 'clk$SB_IO_IN_$glb_clk': 119.20 MHz (PASS at 12.00 MHz)

Info: Max delay <async>                       -> posedge clk$SB_IO_IN_$glb_clk: 5.65 ns
Info: Max delay posedge clk$SB_IO_IN_$glb_clk -> <async>                      : 3.65 ns

Info: Slack histogram:
Info:  legend: * represents 2 endpoint(s)
Info:          + represents [1,2) endpoint(s)
Info: [ 74944,  75308) |******************+
Info: [ 75308,  75672) |********************+
Info: [ 75672,  76036) |***+
Info: [ 76036,  76400) |***+
Info: [ 76400,  76764) |**+
Info: [ 76764,  77128) |*****+
Info: [ 77128,  77492) |******+
Info: [ 77492,  77856) |******+
Info: [ 77856,  78220) |*******+
Info: [ 78220,  78584) |****************************************************+
Info: [ 78584,  78948) |************************************************************ 
Info: [ 78948,  79312) |***************************+
Info: [ 79312,  79676) |******************+
Info: [ 79676,  80040) |**********************+
Info: [ 80040,  80404) |**************************************+
Info: [ 80404,  80768) |**********************+
Info: [ 80768,  81132) |**************************************+
Info: [ 81132,  81496) |*****************************+
Info: [ 81496,  81860) |*********************************+
Info: [ 81860,  82224) |***********+
Info: Checksum: 0x19928280

Info: Routing..
Info: Setting up routing queue.
Info: Routing 1552 arcs.
Info:            |   (re-)routed arcs  |   delta    | remaining|       time spent     |
Info:    IterCnt |  w/ripup   wo/ripup |  w/r  wo/r |      arcs| batch(sec) total(sec)|
Info:       1000 |       60        887 |   60   887 |       634|       0.13       0.13|
Info:       1839 |      222       1548 |  162   661 |         0|       0.30       0.43|
Info: Routing complete.
Info: Router1 time 0.43s
Info: Checksum: 0x7f9949ee

Info: Critical path report for clock 'clk$SB_IO_IN_$glb_clk' (posedge -> posedge):
Info: curr total
Info:  0.5  0.5  Source res_upper_SB_LUT4_O_23_I1_SB_LUT4_I3_O_SB_LUT4_O_3_LC.O
Info:  1.6  2.2    Net res_upper_SB_LUT4_O_16_I1_SB_LUT4_O_I2[2] budget 40.987999 ns (12,3) -> (9,8)
Info:                Sink res_upper_SB_LUT4_O_15_I1_SB_LUT4_O_LC.I2
Info:                Defined in:
Info:                  ../rtl/booth_radix8_multiplier_su_5_linear_146.v:160.17-164.6
Info:                  ../rtl/booth_radix8_multiplier_su_5_linear_146.v:89.47-89.103
Info:                  /usr/local/bin/../share/yosys/ice40/arith_map.v:62.5-70.4
Info:                  /usr/local/bin/../share/yosys/ice40/cells_map.v:6.21-6.22
Info:  0.4  2.6  Source res_upper_SB_LUT4_O_15_I1_SB_LUT4_O_LC.O
Info:  0.6  3.2    Net res_upper_SB_LUT4_O_15_I1[1] budget 40.987000 ns (9,8) -> (9,9)
Info:                Sink res_upper_SB_LUT4_O_15_LC.I1
Info:                Defined in:
Info:                  /usr/local/bin/../share/yosys/ice40/arith_map.v:62.5-70.4
Info:                  /usr/local/bin/../share/yosys/ice40/cells_map.v:6.21-6.22
Info:  0.3  3.4  Source res_upper_SB_LUT4_O_15_LC.COUT
Info:  0.0  3.4    Net res_upper_SB_LUT4_O_16_I1[3] budget 0.000000 ns (9,9) -> (9,9)
Info:                Sink res_upper_SB_LUT4_O_16_LC.CIN
Info:                Defined in:
Info:                  /usr/local/bin/../share/yosys/ice40/arith_map.v:62.5-70.4
Info:                  /usr/local/bin/../share/yosys/ice40/abc9_model.v:4.9-4.11
Info:  0.1  3.5  Source res_upper_SB_LUT4_O_16_LC.COUT
Info:  0.0  3.5    Net res_upper_SB_LUT4_O_17_I1[3] budget 0.000000 ns (9,9) -> (9,9)
Info:                Sink res_upper_SB_LUT4_O_17_LC.CIN
Info:                Defined in:
Info:                  /usr/local/bin/../share/yosys/ice40/arith_map.v:62.5-70.4
Info:                  /usr/local/bin/../share/yosys/ice40/abc9_model.v:4.9-4.11
Info:  0.1  3.7  Source res_upper_SB_LUT4_O_17_LC.COUT
Info:  0.0  3.7    Net res_upper_SB_LUT4_O_18_I1[3] budget 0.000000 ns (9,9) -> (9,9)
Info:                Sink res_upper_SB_LUT4_O_18_LC.CIN
Info:                Defined in:
Info:                  /usr/local/bin/../share/yosys/ice40/arith_map.v:62.5-70.4
Info:                  /usr/local/bin/../share/yosys/ice40/abc9_model.v:4.9-4.11
Info:  0.1  3.8  Source res_upper_SB_LUT4_O_18_LC.COUT
Info:  0.0  3.8    Net res_upper_SB_LUT4_O_19_I1[3] budget 0.000000 ns (9,9) -> (9,9)
Info:                Sink res_upper_SB_LUT4_O_19_LC.CIN
Info:                Defined in:
Info:                  /usr/local/bin/../share/yosys/ice40/arith_map.v:62.5-70.4
Info:                  /usr/local/bin/../share/yosys/ice40/abc9_model.v:4.9-4.11
Info:  0.1  3.9  Source res_upper_SB_LUT4_O_19_LC.COUT
Info:  0.0  3.9    Net res_upper_SB_LUT4_O_20_I1[3] budget 0.000000 ns (9,9) -> (9,9)
Info:                Sink res_upper_SB_LUT4_O_20_LC.CIN
Info:                Defined in:
Info:                  /usr/local/bin/../share/yosys/ice40/arith_map.v:62.5-70.4
Info:                  /usr/local/bin/../share/yosys/ice40/abc9_model.v:4.9-4.11
Info:  0.1  4.0  Source res_upper_SB_LUT4_O_20_LC.COUT
Info:  0.0  4.0    Net res_upper_SB_LUT4_O_21_I1[3] budget 0.000000 ns (9,9) -> (9,9)
Info:                Sink res_upper_SB_LUT4_O_21_LC.CIN
Info:                Defined in:
Info:                  /usr/local/bin/../share/yosys/ice40/arith_map.v:62.5-70.4
Info:                  /usr/local/bin/../share/yosys/ice40/abc9_model.v:4.9-4.11
Info:  0.1  4.2  Source res_upper_SB_LUT4_O_21_LC.COUT
Info:  0.0  4.2    Net res_upper_SB_LUT4_O_22_I1[3] budget 0.000000 ns (9,9) -> (9,9)
Info:                Sink res_upper_SB_LUT4_O_22_LC.CIN
Info:                Defined in:
Info:                  /usr/local/bin/../share/yosys/ice40/arith_map.v:62.5-70.4
Info:                  /usr/local/bin/../share/yosys/ice40/abc9_model.v:4.9-4.11
Info:  0.1  4.3  Source res_upper_SB_LUT4_O_22_LC.COUT
Info:  0.2  4.5    Net res_upper_SB_LUT4_O_1_I1[3] budget 0.190000 ns (9,9) -> (9,10)
Info:                Sink res_upper_SB_LUT4_O_1_LC.CIN
Info:                Defined in:
Info:                  /usr/local/bin/../share/yosys/ice40/arith_map.v:62.5-70.4
Info:                  /usr/local/bin/../share/yosys/ice40/abc9_model.v:4.9-4.11
Info:  0.1  4.6  Source res_upper_SB_LUT4_O_1_LC.COUT
Info:  0.0  4.6    Net res_upper_SB_LUT4_O_2_I1[3] budget 0.000000 ns (9,10) -> (9,10)
Info:                Sink res_upper_SB_LUT4_O_2_LC.CIN
Info:                Defined in:
Info:                  /usr/local/bin/../share/yosys/ice40/arith_map.v:62.5-70.4
Info:                  /usr/local/bin/../share/yosys/ice40/abc9_model.v:4.9-4.11
Info:  0.1  4.7  Source res_upper_SB_LUT4_O_2_LC.COUT
Info:  0.0  4.7    Net res_upper_SB_LUT4_O_3_I1[3] budget 0.000000 ns (9,10) -> (9,10)
Info:                Sink res_upper_SB_LUT4_O_3_LC.CIN
Info:                Defined in:
Info:                  /usr/local/bin/../share/yosys/ice40/arith_map.v:62.5-70.4
Info:                  /usr/local/bin/../share/yosys/ice40/abc9_model.v:4.9-4.11
Info:  0.1  4.9  Source res_upper_SB_LUT4_O_3_LC.COUT
Info:  0.0  4.9    Net res_upper_SB_LUT4_O_4_I1[3] budget 0.000000 ns (9,10) -> (9,10)
Info:                Sink res_upper_SB_LUT4_O_4_LC.CIN
Info:                Defined in:
Info:                  /usr/local/bin/../share/yosys/ice40/arith_map.v:62.5-70.4
Info:                  /usr/local/bin/../share/yosys/ice40/abc9_model.v:4.9-4.11
Info:  0.1  5.0  Source res_upper_SB_LUT4_O_4_LC.COUT
Info:  0.0  5.0    Net res_upper_SB_LUT4_O_5_I1[3] budget 0.000000 ns (9,10) -> (9,10)
Info:                Sink res_upper_SB_LUT4_O_5_LC.CIN
Info:                Defined in:
Info:                  /usr/local/bin/../share/yosys/ice40/arith_map.v:62.5-70.4
Info:                  /usr/local/bin/../share/yosys/ice40/abc9_model.v:4.9-4.11
Info:  0.1  5.1  Source res_upper_SB_LUT4_O_5_LC.COUT
Info:  0.0  5.1    Net res_upper_SB_LUT4_O_6_I1[3] budget 0.000000 ns (9,10) -> (9,10)
Info:                Sink res_upper_SB_LUT4_O_6_LC.CIN
Info:                Defined in:
Info:                  /usr/local/bin/../share/yosys/ice40/arith_map.v:62.5-70.4
Info:                  /usr/local/bin/../share/yosys/ice40/abc9_model.v:4.9-4.11
Info:  0.1  5.2  Source res_upper_SB_LUT4_O_6_LC.COUT
Info:  0.0  5.2    Net res_upper_SB_LUT4_O_7_I1[3] budget 0.000000 ns (9,10) -> (9,10)
Info:                Sink res_upper_SB_LUT4_O_7_LC.CIN
Info:                Defined in:
Info:                  /usr/local/bin/../share/yosys/ice40/arith_map.v:62.5-70.4
Info:                  /usr/local/bin/../share/yosys/ice40/abc9_model.v:4.9-4.11
Info:  0.1  5.4  Source res_upper_SB_LUT4_O_7_LC.COUT
Info:  0.0  5.4    Net res_upper_SB_LUT4_O_8_I1[3] budget 0.000000 ns (9,10) -> (9,10)
Info:                Sink res_upper_SB_LUT4_O_8_LC.CIN
Info:                Defined in:
Info:                  /usr/local/bin/../share/yosys/ice40/arith_map.v:62.5-70.4
Info:                  /usr/local/bin/../share/yosys/ice40/abc9_model.v:4.9-4.11
Info:  0.1  5.5  Source res_upper_SB_LUT4_O_8_LC.COUT
Info:  0.2  5.7    Net res_upper_SB_LUT4_O_9_I1[3] budget 0.190000 ns (9,10) -> (9,11)
Info:                Sink res_upper_SB_LUT4_O_9_LC.CIN
Info:                Defined in:
Info:                  /usr/local/bin/../share/yosys/ice40/arith_map.v:62.5-70.4
Info:                  /usr/local/bin/../share/yosys/ice40/abc9_model.v:4.9-4.11
Info:  0.1  5.8  Source res_upper_SB_LUT4_O_9_LC.COUT
Info:  0.0  5.8    Net res_upper_SB_LUT4_O_10_I1[3] budget 0.000000 ns (9,11) -> (9,11)
Info:                Sink res_upper_SB_LUT4_O_10_LC.CIN
Info:                Defined in:
Info:                  /usr/local/bin/../share/yosys/ice40/arith_map.v:62.5-70.4
Info:                  /usr/local/bin/../share/yosys/ice40/abc9_model.v:4.9-4.11
Info:  0.1  5.9  Source res_upper_SB_LUT4_O_10_LC.COUT
Info:  0.0  5.9    Net res_upper_SB_LUT4_O_11_I1[3] budget 0.000000 ns (9,11) -> (9,11)
Info:                Sink res_upper_SB_LUT4_O_11_LC.CIN
Info:                Defined in:
Info:                  /usr/local/bin/../share/yosys/ice40/arith_map.v:62.5-70.4
Info:                  /usr/local/bin/../share/yosys/ice40/abc9_model.v:4.9-4.11
Info:  0.1  6.1  Source res_upper_SB_LUT4_O_11_LC.COUT
Info:  0.0  6.1    Net res_upper_SB_LUT4_O_12_I1[3] budget 0.000000 ns (9,11) -> (9,11)
Info:                Sink res_upper_SB_LUT4_O_12_LC.CIN
Info:                Defined in:
Info:                  /usr/local/bin/../share/yosys/ice40/arith_map.v:62.5-70.4
Info:                  /usr/local/bin/../share/yosys/ice40/abc9_model.v:4.9-4.11
Info:  0.1  6.2  Source res_upper_SB_LUT4_O_12_LC.COUT
Info:  0.0  6.2    Net res_upper_SB_LUT4_O_13_I1[3] budget 0.000000 ns (9,11) -> (9,11)
Info:                Sink res_upper_SB_LUT4_O_13_LC.CIN
Info:                Defined in:
Info:                  /usr/local/bin/../share/yosys/ice40/arith_map.v:62.5-70.4
Info:                  /usr/local/bin/../share/yosys/ice40/abc9_model.v:4.9-4.11
Info:  0.1  6.3  Source res_upper_SB_LUT4_O_13_LC.COUT
Info:  0.0  6.3    Net res_upper_SB_LUT4_O_14_I1[3] budget 0.000000 ns (9,11) -> (9,11)
Info:                Sink res_upper_SB_LUT4_O_14_LC.CIN
Info:                Defined in:
Info:                  /usr/local/bin/../share/yosys/ice40/arith_map.v:62.5-70.4
Info:                  /usr/local/bin/../share/yosys/ice40/abc9_model.v:4.9-4.11
Info:  0.1  6.4  Source res_upper_SB_LUT4_O_14_LC.COUT
Info:  0.3  6.7    Net res_upper_SB_LUT4_O_I0[3] budget 0.260000 ns (9,11) -> (9,11)
Info:                Sink res_upper_SB_LUT4_O_LC.I3
Info:                Defined in:
Info:                  /usr/local/bin/../share/yosys/ice40/arith_map.v:62.5-70.4
Info:                  /usr/local/bin/../share/yosys/ice40/abc9_model.v:4.9-4.11
Info:  0.3  7.0  Setup res_upper_SB_LUT4_O_LC.I3
Info: 4.2 ns logic, 2.9 ns routing

Info: Critical path report for cross-domain path '<async>' -> 'posedge clk$SB_IO_IN_$glb_clk':
Info: curr total
Info:  0.0  0.0  Source multiplicand[9]$sb_io.D_IN_0
Info:  2.8  2.8    Net a_high[1] budget 40.831001 ns (13,33) -> (14,7)
Info:                Sink mult1.calc_3x_SB_LUT4_O_1_LC.I1
Info:                Defined in:
Info:                  ../rtl/booth_radix8_multiplier_su_5_linear_146.v:134.41-134.53
Info:  0.3  3.1  Source mult1.calc_3x_SB_LUT4_O_1_LC.COUT
Info:  0.0  3.1    Net mult1.calc_3x_SB_LUT4_O_2_I3 budget 0.000000 ns (14,7) -> (14,7)
Info:                Sink mult1.calc_3x_SB_LUT4_O_2_LC.CIN
Info:                Defined in:
Info:                  ../rtl/booth_radix8_multiplier_su_5_linear_146.v:166.17-170.6
Info:                  ../rtl/booth_radix8_multiplier_su_5_linear_146.v:38.43-38.82
Info:                  /usr/local/bin/../share/yosys/ice40/arith_map.v:62.5-70.4
Info:                  /usr/local/bin/../share/yosys/ice40/abc9_model.v:4.9-4.11
Info:  0.1  3.2  Source mult1.calc_3x_SB_LUT4_O_2_LC.COUT
Info:  0.0  3.2    Net mult1.calc_3x_SB_LUT4_O_3_I3 budget 0.000000 ns (14,7) -> (14,7)
Info:                Sink mult1.calc_3x_SB_LUT4_O_3_LC.CIN
Info:                Defined in:
Info:                  ../rtl/booth_radix8_multiplier_su_5_linear_146.v:166.17-170.6
Info:                  ../rtl/booth_radix8_multiplier_su_5_linear_146.v:38.43-38.82
Info:                  /usr/local/bin/../share/yosys/ice40/arith_map.v:62.5-70.4
Info:                  /usr/local/bin/../share/yosys/ice40/abc9_model.v:4.9-4.11
Info:  0.1  3.3  Source mult1.calc_3x_SB_LUT4_O_3_LC.COUT
Info:  0.0  3.3    Net mult1.calc_3x_SB_LUT4_O_4_I3 budget 0.000000 ns (14,7) -> (14,7)
Info:                Sink mult1.calc_3x_SB_LUT4_O_4_LC.CIN
Info:                Defined in:
Info:                  ../rtl/booth_radix8_multiplier_su_5_linear_146.v:166.17-170.6
Info:                  ../rtl/booth_radix8_multiplier_su_5_linear_146.v:38.43-38.82
Info:                  /usr/local/bin/../share/yosys/ice40/arith_map.v:62.5-70.4
Info:                  /usr/local/bin/../share/yosys/ice40/abc9_model.v:4.9-4.11
Info:  0.1  3.4  Source mult1.calc_3x_SB_LUT4_O_4_LC.COUT
Info:  0.0  3.4    Net mult1.calc_3x_SB_LUT4_O_5_I3 budget 0.000000 ns (14,7) -> (14,7)
Info:                Sink mult1.calc_3x_SB_LUT4_O_5_LC.CIN
Info:                Defined in:
Info:                  ../rtl/booth_radix8_multiplier_su_5_linear_146.v:166.17-170.6
Info:                  ../rtl/booth_radix8_multiplier_su_5_linear_146.v:38.43-38.82
Info:                  /usr/local/bin/../share/yosys/ice40/arith_map.v:62.5-70.4
Info:                  /usr/local/bin/../share/yosys/ice40/abc9_model.v:4.9-4.11
Info:  0.1  3.6  Source mult1.calc_3x_SB_LUT4_O_5_LC.COUT
Info:  0.0  3.6    Net mult1.calc_3x_SB_LUT4_O_6_I3 budget 0.000000 ns (14,7) -> (14,7)
Info:                Sink mult1.calc_3x_SB_LUT4_O_6_LC.CIN
Info:                Defined in:
Info:                  ../rtl/booth_radix8_multiplier_su_5_linear_146.v:166.17-170.6
Info:                  ../rtl/booth_radix8_multiplier_su_5_linear_146.v:38.43-38.82
Info:                  /usr/local/bin/../share/yosys/ice40/arith_map.v:62.5-70.4
Info:                  /usr/local/bin/../share/yosys/ice40/abc9_model.v:4.9-4.11
Info:  0.1  3.7  Source mult1.calc_3x_SB_LUT4_O_6_LC.COUT
Info:  0.0  3.7    Net mult1.calc_3x_SB_LUT4_O_7_I3 budget 0.000000 ns (14,7) -> (14,7)
Info:                Sink mult1.calc_3x_SB_LUT4_O_7_LC.CIN
Info:                Defined in:
Info:                  ../rtl/booth_radix8_multiplier_su_5_linear_146.v:166.17-170.6
Info:                  ../rtl/booth_radix8_multiplier_su_5_linear_146.v:38.43-38.82
Info:                  /usr/local/bin/../share/yosys/ice40/arith_map.v:62.5-70.4
Info:                  /usr/local/bin/../share/yosys/ice40/abc9_model.v:4.9-4.11
Info:  0.1  3.8  Source mult1.calc_3x_SB_LUT4_O_7_LC.COUT
Info:  0.0  3.8    Net mult1.calc_3x_SB_LUT4_O_8_I3 budget 0.000000 ns (14,7) -> (14,7)
Info:                Sink mult1.calc_3x_SB_LUT4_O_8_LC.CIN
Info:                Defined in:
Info:                  ../rtl/booth_radix8_multiplier_su_5_linear_146.v:166.17-170.6
Info:                  ../rtl/booth_radix8_multiplier_su_5_linear_146.v:38.43-38.82
Info:                  /usr/local/bin/../share/yosys/ice40/arith_map.v:62.5-70.4
Info:                  /usr/local/bin/../share/yosys/ice40/abc9_model.v:4.9-4.11
Info:  0.1  3.9  Source mult1.calc_3x_SB_LUT4_O_8_LC.COUT
Info:  0.5  4.4    Net mult1.calc_3x_SB_LUT4_O_I3 budget 0.560000 ns (14,7) -> (14,8)
Info:                Sink mult1.calc_3x_SB_LUT4_O_LC.I3
Info:                Defined in:
Info:                  ../rtl/booth_radix8_multiplier_su_5_linear_146.v:166.17-170.6
Info:                  ../rtl/booth_radix8_multiplier_su_5_linear_146.v:38.43-38.82
Info:                  /usr/local/bin/../share/yosys/ice40/arith_map.v:62.5-70.4
Info:                  /usr/local/bin/../share/yosys/ice40/abc9_model.v:4.9-4.11
Info:  0.3  4.7  Source mult1.calc_3x_SB_LUT4_O_LC.O
Info:  0.6  5.3    Net mult1.calc_3x[9] budget 27.136000 ns (14,8) -> (13,7)
Info:                Sink mult1.sign_bit_a_SB_DFFER_D_Q_SB_LUT4_I0_3_O_SB_LUT4_O_I0_SB_DFFER_Q_1_DFFLC.I0
Info:                Defined in:
Info:                  ../rtl/booth_radix8_multiplier_su_5_linear_146.v:178.17-182.6
Info:                  ../rtl/booth_radix8_multiplier_su_5_linear_146.v:38.33-38.40
Info:  0.5  5.8  Setup mult1.sign_bit_a_SB_DFFER_D_Q_SB_LUT4_I0_3_O_SB_LUT4_O_I0_SB_DFFER_Q_1_DFFLC.I0
Info: 1.9 ns logic, 3.8 ns routing

Info: Critical path report for cross-domain path 'posedge clk$SB_IO_IN_$glb_clk' -> '<async>':
Info: curr total
Info:  0.5  0.5  Source product_SB_DFFER_Q_29_DFFLC.O
Info:  3.5  4.0    Net product[2]$SB_IO_OUT budget 82.792999 ns (17,6) -> (19,33)
Info:                Sink product[2]$sb_io.D_OUT_0
Info:                Defined in:
Info:                  ../rtl/booth_radix8_multiplier_su_5_linear_146.v:137.41-137.48
Info: 0.5 ns logic, 3.5 ns routing

Info: Max frequency for clock 'clk$SB_IO_IN_$glb_clk': 141.98 MHz (PASS at 12.00 MHz)

Info: Max delay <async>                       -> posedge clk$SB_IO_IN_$glb_clk: 5.77 ns
Info: Max delay posedge clk$SB_IO_IN_$glb_clk -> <async>                      : 4.05 ns

Info: Slack histogram:
Info:  legend: * represents 4 endpoint(s)
Info:          + represents [1,4) endpoint(s)
Info: [ 76290,  76586) |+
Info: [ 76586,  76882) |*********+
Info: [ 76882,  77178) |******+
Info: [ 77178,  77474) |***+
Info: [ 77474,  77770) |***+
Info: [ 77770,  78066) |****+
Info: [ 78066,  78362) |*********+
Info: [ 78362,  78658) |************+
Info: [ 78658,  78954) |**********+
Info: [ 78954,  79250) |*********+
Info: [ 79250,  79546) |*********+
Info: [ 79546,  79842) |*******+
Info: [ 79842,  80138) |******+
Info: [ 80138,  80434) |****+
Info: [ 80434,  80730) |************ 
Info: [ 80730,  81026) |************************************************************ 
Info: [ 81026,  81322) |******************+
Info: [ 81322,  81618) |******+
Info: [ 81618,  81914) |*********************+
Info: [ 81914,  82210) |+
1 warning, 0 errors

Info: Program finished normally.
