Warning: No PCF file specified; IO pins will be placed automatically

Info: Packing constants..
Info: Packing IOs..
Info: Packing LUT-FFs..
Info:      230 LCs used as LUT4 only
Info:      114 LCs used as LUT4 and DFF
Info: Packing non-LUT FFs..
Info:       87 LCs used as DFF only
Info: Packing carries..
Info:        3 LCs used as CARRY only
Info: Packing indirect carry+LUT pairs...
Info:        0 LUTs merged into carry LCs
Info: Packing RAMs..
Info: Placing PLLs..
Info: Packing special functions..
Info: Packing PLLs..
Info: Promoting globals..
Info: promoting clk$SB_IO_IN (fanout 201)
Info: promoting rst_n_SB_LUT4_I3_O [reset] (fanout 201)
Info: promoting busy_SB_LUT4_I0_O [cen] (fanout 32)
Info: promoting busy_SB_LUT4_I0_I2_SB_LUT4_I3_1_O [cen] (fanout 21)
Info: promoting busy_SB_LUT4_I0_I2_SB_LUT4_O_I1_SB_LUT4_I3_1_O [cen] (fanout 21)
Info: promoting busy_SB_LUT4_I0_I2_SB_LUT4_O_I2_SB_LUT4_I3_O [cen] (fanout 21)
Info: Constraining chains...
Info:        5 LCs used to legalise carry chains.
Info: Checksum: 0x1499a7c3

Info: Annotating ports with timing budgets for target frequency 12.00 MHz
Info: Checksum: 0xc2b08e2e

Info: Device utilisation:
Info: 	         ICESTORM_LC:   441/ 7680     5%
Info: 	        ICESTORM_RAM:     0/   32     0%
Info: 	               SB_IO:    71/  256    27%
Info: 	               SB_GB:     6/    8    75%
Info: 	        ICESTORM_PLL:     0/    2     0%
Info: 	         SB_WARMBOOT:     0/    1     0%

Info: Placed 0 cells based on constraints.
Info: Creating initial analytic placement for 363 cells, random placement wirelen = 13676.
Info:     at initial placer iter 0, wirelen = 1917
Info:     at initial placer iter 1, wirelen = 1823
Info:     at initial placer iter 2, wirelen = 1817
Info:     at initial placer iter 3, wirelen = 1827
Info: Running main analytical placer.
Info:     at iteration #1, type ALL: wirelen solved = 1830, spread = 3170, legal = 3406; time = 0.02s
Info:     at iteration #2, type ALL: wirelen solved = 1848, spread = 3130, legal = 3265; time = 0.02s
Info:     at iteration #3, type ALL: wirelen solved = 1945, spread = 3071, legal = 3213; time = 0.02s
Info:     at iteration #4, type ALL: wirelen solved = 1959, spread = 3036, legal = 3155; time = 0.02s
Info:     at iteration #5, type ALL: wirelen solved = 2020, spread = 2938, legal = 3077; time = 0.02s
Info:     at iteration #6, type ALL: wirelen solved = 2043, spread = 2828, legal = 2992; time = 0.02s
Info:     at iteration #7, type ALL: wirelen solved = 2135, spread = 2881, legal = 3065; time = 0.02s
Info:     at iteration #8, type ALL: wirelen solved = 2169, spread = 2965, legal = 3080; time = 0.02s
Info:     at iteration #9, type ALL: wirelen solved = 2240, spread = 2860, legal = 3047; time = 0.02s
Info:     at iteration #10, type ALL: wirelen solved = 2253, spread = 2897, legal = 3063; time = 0.02s
Info:     at iteration #11, type ALL: wirelen solved = 2302, spread = 2889, legal = 3075; time = 0.02s
Info: HeAP Placer Time: 0.26s
Info:   of which solving equations: 0.15s
Info:   of which spreading cells: 0.01s
Info:   of which strict legalisation: 0.04s

Info: Running simulated annealing placer for refinement.
Info:   at iteration #1: temp = 0.000000, timing cost = 26, wirelen = 2992
Info:   at iteration #5: temp = 0.000000, timing cost = 40, wirelen = 2417
Info:   at iteration #10: temp = 0.000000, timing cost = 30, wirelen = 2341
Info:   at iteration #15: temp = 0.000000, timing cost = 31, wirelen = 2272
Info:   at iteration #17: temp = 0.000000, timing cost = 32, wirelen = 2258 
Info: SA placement time 0.28s

Info: Max frequency for clock 'clk$SB_IO_IN_$glb_clk': 119.23 MHz (PASS at 12.00 MHz)

Info: Max delay <async>                       -> posedge clk$SB_IO_IN_$glb_clk: 6.20 ns
Info: Max delay posedge clk$SB_IO_IN_$glb_clk -> <async>                      : 3.65 ns

Info: Slack histogram:
Info:  legend: * represents 2 endpoint(s)
Info:          + represents [1,2) endpoint(s)
Info: [ 74946,  75293) |************* 
Info: [ 75293,  75640) |************+
Info: [ 75640,  75987) |* 
Info: [ 75987,  76334) |******************* 
Info: [ 76334,  76681) |***+
Info: [ 76681,  77028) |****+
Info: [ 77028,  77375) |*******+
Info: [ 77375,  77722) |*****************************+
Info: [ 77722,  78069) |**********************************************************+
Info: [ 78069,  78416) |******************************************+
Info: [ 78416,  78763) |******** 
Info: [ 78763,  79110) |*********************+
Info: [ 79110,  79457) |************+
Info: [ 79457,  79804) |******************+
Info: [ 79804,  80151) |***************************+
Info: [ 80151,  80498) |************************+
Info: [ 80498,  80845) |*****************************+
Info: [ 80845,  81192) |************************************************************ 
Info: [ 81192,  81539) |*********** 
Info: [ 81539,  81886) |*************************************+
Info: Checksum: 0xee70cb6d

Info: Routing..
Info: Setting up routing queue.
Info: Routing 1540 arcs.
Info:            |   (re-)routed arcs  |   delta    | remaining|       time spent     |
Info:    IterCnt |  w/ripup   wo/ripup |  w/r  wo/r |      arcs| batch(sec) total(sec)|
Info:       1000 |      104        843 |  104   843 |       673|       0.14       0.14|
Info:       1832 |      233       1530 |  129   687 |         0|       0.36       0.50|
Info: Routing complete.
Info: Router1 time 0.50s
Info: Checksum: 0x40e80f4a

Info: Critical path report for clock 'clk$SB_IO_IN_$glb_clk' (posedge -> posedge):
Info: curr total
Info:  0.5  0.5  Source res_upper_SB_LUT4_O_23_I1_SB_LUT4_I3_O_SB_LUT4_O_9_LC.O
Info:  1.7  2.2    Net p0[0] budget 16.198000 ns (17,17) -> (17,8)
Info:                Sink res_upper_SB_LUT4_O_16_I1_SB_LUT4_O_I2_SB_LUT4_O_I2_SB_LUT4_O_LC.I3
Info:                Defined in:
Info:                  ../rtl/booth_radix8_multiplier_su_5_linear_146.v:187.23-187.34
Info:  0.3  2.6  Source res_upper_SB_LUT4_O_16_I1_SB_LUT4_O_I2_SB_LUT4_O_I2_SB_LUT4_O_LC.O
Info:  0.6  3.1    Net res_upper_SB_LUT4_O_16_I1_SB_LUT4_O_I2_SB_LUT4_O_I2[3] budget 16.198000 ns (17,8) -> (17,8)
Info:                Sink res_upper_SB_LUT4_O_16_I1_SB_LUT4_O_I2_SB_LUT4_O_I1_SB_LUT4_I0_O_SB_LUT4_O_LC.I3
Info:                Defined in:
Info:                  /usr/local/bin/../share/yosys/ice40/cells_map.v:6.21-6.22
Info:  0.3  3.5  Source res_upper_SB_LUT4_O_16_I1_SB_LUT4_O_I2_SB_LUT4_O_I1_SB_LUT4_I0_O_SB_LUT4_O_LC.O
Info:  0.6  4.0    Net res_upper_SB_LUT4_O_16_I1_SB_LUT4_O_I2_SB_LUT4_O_I1_SB_LUT4_I0_O[2] budget 16.198000 ns (17,8) -> (16,8)
Info:                Sink res_upper_SB_LUT4_O_17_I1_SB_LUT4_O_I2_SB_LUT4_O_LC.I2
Info:                Defined in:
Info:                  /usr/local/bin/../share/yosys/ice40/cells_map.v:6.21-6.22
Info:  0.4  4.4  Source res_upper_SB_LUT4_O_17_I1_SB_LUT4_O_I2_SB_LUT4_O_LC.O
Info:  0.6  5.0    Net res_upper_SB_LUT4_O_17_I1_SB_LUT4_O_I2[1] budget 16.197001 ns (16,8) -> (15,9)
Info:                Sink res_upper_SB_LUT4_O_23_I1_SB_LUT4_I3_O_SB_LUT4_O_14_I3_SB_LUT4_O_LC.I1
Info:                Defined in:
Info:                  ../rtl/booth_radix8_multiplier_su_5_linear_146.v:160.17-164.6
Info:                  ../rtl/booth_radix8_multiplier_su_5_linear_146.v:89.47-89.103
Info:                  /usr/local/bin/../share/yosys/ice40/arith_map.v:62.5-70.4
Info:                  /usr/local/bin/../share/yosys/ice40/cells_map.v:6.21-6.22
Info:  0.3  5.3  Source res_upper_SB_LUT4_O_23_I1_SB_LUT4_I3_O_SB_LUT4_O_14_I3_SB_LUT4_O_LC.COUT
Info:  0.0  5.3    Net res_upper_SB_LUT4_O_18_I1_SB_LUT4_O_I3[3] budget 0.000000 ns (15,9) -> (15,9)
Info:                Sink res_upper_SB_LUT4_O_23_I1_SB_LUT4_I3_O_SB_LUT4_O_4_LC.CIN
Info:                Defined in:
Info:                  ../rtl/booth_radix8_multiplier_su_5_linear_146.v:160.17-164.6
Info:                  ../rtl/booth_radix8_multiplier_su_5_linear_146.v:89.47-89.103
Info:                  /usr/local/bin/../share/yosys/ice40/arith_map.v:62.5-70.4
Info:                  /usr/local/bin/../share/yosys/ice40/abc9_model.v:4.9-4.11
Info:  0.1  5.4  Source res_upper_SB_LUT4_O_23_I1_SB_LUT4_I3_O_SB_LUT4_O_4_LC.COUT
Info:  0.0  5.4    Net res_upper_SB_LUT4_O_19_I1_SB_LUT4_O_I3[3] budget 0.000000 ns (15,9) -> (15,9)
Info:                Sink res_upper_SB_LUT4_O_23_I1_SB_LUT4_I3_O_SB_LUT4_O_3_LC.CIN
Info:                Defined in:
Info:                  ../rtl/booth_radix8_multiplier_su_5_linear_146.v:160.17-164.6
Info:                  ../rtl/booth_radix8_multiplier_su_5_linear_146.v:89.47-89.103
Info:                  /usr/local/bin/../share/yosys/ice40/arith_map.v:62.5-70.4
Info:                  /usr/local/bin/../share/yosys/ice40/abc9_model.v:4.9-4.11
Info:  0.1  5.5  Source res_upper_SB_LUT4_O_23_I1_SB_LUT4_I3_O_SB_LUT4_O_3_LC.COUT
Info:  0.0  5.5    Net res_upper_SB_LUT4_O_20_I1_SB_LUT4_O_I3[3] budget 0.000000 ns (15,9) -> (15,9)
Info:                Sink res_upper_SB_LUT4_O_23_I1_SB_LUT4_I3_O_SB_LUT4_O_2_LC.CIN
Info:                Defined in:
Info:                  ../rtl/booth_radix8_multiplier_su_5_linear_146.v:160.17-164.6
Info:                  ../rtl/booth_radix8_multiplier_su_5_linear_146.v:89.47-89.103
Info:                  /usr/local/bin/../share/yosys/ice40/arith_map.v:62.5-70.4
Info:                  /usr/local/bin/../share/yosys/ice40/abc9_model.v:4.9-4.11
Info:  0.1  5.7  Source res_upper_SB_LUT4_O_23_I1_SB_LUT4_I3_O_SB_LUT4_O_2_LC.COUT
Info:  0.0  5.7    Net res_upper_SB_LUT4_O_21_I1_SB_LUT4_O_I3[3] budget 0.000000 ns (15,9) -> (15,9)
Info:                Sink res_upper_SB_LUT4_O_23_I1_SB_LUT4_I3_O_SB_LUT4_O_1_LC.CIN
Info:                Defined in:
Info:                  ../rtl/booth_radix8_multiplier_su_5_linear_146.v:160.17-164.6
Info:                  ../rtl/booth_radix8_multiplier_su_5_linear_146.v:89.47-89.103
Info:                  /usr/local/bin/../share/yosys/ice40/arith_map.v:62.5-70.4
Info:                  /usr/local/bin/../share/yosys/ice40/abc9_model.v:4.9-4.11
Info:  0.1  5.8  Source res_upper_SB_LUT4_O_23_I1_SB_LUT4_I3_O_SB_LUT4_O_1_LC.COUT
Info:  0.0  5.8    Net res_upper_SB_LUT4_O_22_I1_SB_LUT4_O_I3[3] budget 0.000000 ns (15,9) -> (15,9)
Info:                Sink res_upper_SB_LUT4_O_23_I1_SB_LUT4_I3_O_SB_LUT4_O_LC.CIN
Info:                Defined in:
Info:                  ../rtl/booth_radix8_multiplier_su_5_linear_146.v:160.17-164.6
Info:                  ../rtl/booth_radix8_multiplier_su_5_linear_146.v:89.47-89.103
Info:                  /usr/local/bin/../share/yosys/ice40/arith_map.v:62.5-70.4
Info:                  /usr/local/bin/../share/yosys/ice40/abc9_model.v:4.9-4.11
Info:  0.1  5.9  Source res_upper_SB_LUT4_O_23_I1_SB_LUT4_I3_O_SB_LUT4_O_LC.COUT
Info:  0.2  6.1    Net res_upper_SB_LUT4_O_23_I1_SB_LUT4_I3_O_SB_LUT4_O_7_I1[3] budget 0.190000 ns (15,9) -> (15,10)
Info:                Sink res_upper_SB_LUT4_O_23_I1_SB_LUT4_I3_O_SB_LUT4_O_7_LC.CIN
Info:                Defined in:
Info:                  ../rtl/booth_radix8_multiplier_su_5_linear_146.v:160.17-164.6
Info:                  ../rtl/booth_radix8_multiplier_su_5_linear_146.v:89.47-89.103
Info:                  /usr/local/bin/../share/yosys/ice40/arith_map.v:62.5-70.4
Info:                  /usr/local/bin/../share/yosys/ice40/abc9_model.v:4.9-4.11
Info:  0.1  6.2  Source res_upper_SB_LUT4_O_23_I1_SB_LUT4_I3_O_SB_LUT4_O_7_LC.COUT
Info:  0.0  6.2    Net res_upper_SB_LUT4_O_23_I1_SB_LUT4_I3_O_SB_LUT4_O_8_I1[3] budget 0.000000 ns (15,10) -> (15,10)
Info:                Sink res_upper_SB_LUT4_O_23_I1_SB_LUT4_I3_O_SB_LUT4_O_8_LC.CIN
Info:                Defined in:
Info:                  ../rtl/booth_radix8_multiplier_su_5_linear_146.v:160.17-164.6
Info:                  ../rtl/booth_radix8_multiplier_su_5_linear_146.v:89.47-89.103
Info:                  /usr/local/bin/../share/yosys/ice40/arith_map.v:62.5-70.4
Info:                  /usr/local/bin/../share/yosys/ice40/abc9_model.v:4.9-4.11
Info:  0.1  6.3  Source res_upper_SB_LUT4_O_23_I1_SB_LUT4_I3_O_SB_LUT4_O_8_LC.COUT
Info:  0.0  6.3    Net res_upper_SB_LUT4_O_23_I1_SB_LUT4_I3_O_SB_LUT4_O_6_I1[3] budget 0.000000 ns (15,10) -> (15,10)
Info:                Sink res_upper_SB_LUT4_O_23_I1_SB_LUT4_I3_O_SB_LUT4_O_6_LC.CIN
Info:                Defined in:
Info:                  ../rtl/booth_radix8_multiplier_su_5_linear_146.v:160.17-164.6
Info:                  ../rtl/booth_radix8_multiplier_su_5_linear_146.v:89.47-89.103
Info:                  /usr/local/bin/../share/yosys/ice40/arith_map.v:62.5-70.4
Info:                  /usr/local/bin/../share/yosys/ice40/abc9_model.v:4.9-4.11
Info:  0.1  6.5  Source res_upper_SB_LUT4_O_23_I1_SB_LUT4_I3_O_SB_LUT4_O_6_LC.COUT
Info:  0.3  6.7    Net res_upper_SB_LUT4_O_23_I1_SB_LUT4_I3_O_SB_LUT4_O_5_I3 budget 0.260000 ns (15,10) -> (15,10)
Info:                Sink res_upper_SB_LUT4_O_23_I1_SB_LUT4_I3_O_SB_LUT4_O_5_LC.I3
Info:                Defined in:
Info:                  ../rtl/booth_radix8_multiplier_su_5_linear_146.v:160.17-164.6
Info:                  ../rtl/booth_radix8_multiplier_su_5_linear_146.v:89.47-89.103
Info:                  /usr/local/bin/../share/yosys/ice40/arith_map.v:62.5-70.4
Info:                  /usr/local/bin/../share/yosys/ice40/cells_map.v:6.21-6.22
Info:  0.3  7.1  Setup res_upper_SB_LUT4_O_23_I1_SB_LUT4_I3_O_SB_LUT4_O_5_LC.I3
Info: 3.2 ns logic, 3.9 ns routing

Info: Critical path report for cross-domain path '<async>' -> 'posedge clk$SB_IO_IN_$glb_clk':
Info: curr total
Info:  0.0  0.0  Source multiplicand[1]$sb_io.D_IN_0
Info:  2.6  2.6    Net a_low[1] budget 0.000000 ns (33,7) -> (14,8)
Info:                Sink mult0.calc_3x_SB_LUT4_O_1_LC.I1
Info:                Defined in:
Info:                  ../rtl/booth_radix8_multiplier_su_5_linear_146.v:134.41-134.53
Info:  0.3  2.8  Source mult0.calc_3x_SB_LUT4_O_1_LC.COUT
Info:  0.0  2.8    Net mult0.calc_3x_SB_LUT4_O_2_I3 budget 0.000000 ns (14,8) -> (14,8)
Info:                Sink mult0.calc_3x_SB_LUT4_O_2_LC.CIN
Info:                Defined in:
Info:                  ../rtl/booth_radix8_multiplier_su_5_linear_146.v:160.17-164.6
Info:                  ../rtl/booth_radix8_multiplier_su_5_linear_146.v:38.43-38.82
Info:                  /usr/local/bin/../share/yosys/ice40/arith_map.v:62.5-70.4
Info:                  /usr/local/bin/../share/yosys/ice40/abc9_model.v:4.9-4.11
Info:  0.1  3.0  Source mult0.calc_3x_SB_LUT4_O_2_LC.COUT
Info:  0.0  3.0    Net mult0.calc_3x_SB_LUT4_O_3_I3 budget 0.000000 ns (14,8) -> (14,8)
Info:                Sink mult0.calc_3x_SB_LUT4_O_3_LC.CIN
Info:                Defined in:
Info:                  ../rtl/booth_radix8_multiplier_su_5_linear_146.v:160.17-164.6
Info:                  ../rtl/booth_radix8_multiplier_su_5_linear_146.v:38.43-38.82
Info:                  /usr/local/bin/../share/yosys/ice40/arith_map.v:62.5-70.4
Info:                  /usr/local/bin/../share/yosys/ice40/abc9_model.v:4.9-4.11
Info:  0.1  3.1  Source mult0.calc_3x_SB_LUT4_O_3_LC.COUT
Info:  0.0  3.1    Net mult0.calc_3x_SB_LUT4_O_4_I3 budget 0.000000 ns (14,8) -> (14,8)
Info:                Sink mult0.calc_3x_SB_LUT4_O_4_LC.CIN
Info:                Defined in:
Info:                  ../rtl/booth_radix8_multiplier_su_5_linear_146.v:160.17-164.6
Info:                  ../rtl/booth_radix8_multiplier_su_5_linear_146.v:38.43-38.82
Info:                  /usr/local/bin/../share/yosys/ice40/arith_map.v:62.5-70.4
Info:                  /usr/local/bin/../share/yosys/ice40/abc9_model.v:4.9-4.11
Info:  0.1  3.2  Source mult0.calc_3x_SB_LUT4_O_4_LC.COUT
Info:  0.0  3.2    Net mult0.calc_3x_SB_LUT4_O_5_I3 budget 0.000000 ns (14,8) -> (14,8)
Info:                Sink mult0.calc_3x_SB_LUT4_O_5_LC.CIN
Info:                Defined in:
Info:                  ../rtl/booth_radix8_multiplier_su_5_linear_146.v:160.17-164.6
Info:                  ../rtl/booth_radix8_multiplier_su_5_linear_146.v:38.43-38.82
Info:                  /usr/local/bin/../share/yosys/ice40/arith_map.v:62.5-70.4
Info:                  /usr/local/bin/../share/yosys/ice40/abc9_model.v:4.9-4.11
Info:  0.1  3.3  Source mult0.calc_3x_SB_LUT4_O_5_LC.COUT
Info:  0.0  3.3    Net mult0.calc_3x_SB_LUT4_O_6_I3 budget 0.000000 ns (14,8) -> (14,8)
Info:                Sink mult0.calc_3x_SB_LUT4_O_6_LC.CIN
Info:                Defined in:
Info:                  ../rtl/booth_radix8_multiplier_su_5_linear_146.v:160.17-164.6
Info:                  ../rtl/booth_radix8_multiplier_su_5_linear_146.v:38.43-38.82
Info:                  /usr/local/bin/../share/yosys/ice40/arith_map.v:62.5-70.4
Info:                  /usr/local/bin/../share/yosys/ice40/abc9_model.v:4.9-4.11
Info:  0.1  3.5  Source mult0.calc_3x_SB_LUT4_O_6_LC.COUT
Info:  0.0  3.5    Net mult0.calc_3x_SB_LUT4_O_7_I3 budget 0.000000 ns (14,8) -> (14,8)
Info:                Sink mult0.calc_3x_SB_LUT4_O_7_LC.CIN
Info:                Defined in:
Info:                  ../rtl/booth_radix8_multiplier_su_5_linear_146.v:160.17-164.6
Info:                  ../rtl/booth_radix8_multiplier_su_5_linear_146.v:38.43-38.82
Info:                  /usr/local/bin/../share/yosys/ice40/arith_map.v:62.5-70.4
Info:                  /usr/local/bin/../share/yosys/ice40/abc9_model.v:4.9-4.11
Info:  0.1  3.6  Source mult0.calc_3x_SB_LUT4_O_7_LC.COUT
Info:  0.0  3.6    Net mult0.calc_3x_SB_LUT4_O_I3 budget 0.000000 ns (14,8) -> (14,8)
Info:                Sink mult0.calc_3x_SB_LUT4_O_LC.CIN
Info:                Defined in:
Info:                  ../rtl/booth_radix8_multiplier_su_5_linear_146.v:160.17-164.6
Info:                  ../rtl/booth_radix8_multiplier_su_5_linear_146.v:38.43-38.82
Info:                  /usr/local/bin/../share/yosys/ice40/arith_map.v:62.5-70.4
Info:                  /usr/local/bin/../share/yosys/ice40/abc9_model.v:4.9-4.11
Info:  0.1  3.7  Source mult0.calc_3x_SB_LUT4_O_LC.COUT
Info:  0.5  4.2    Net $nextpnr_ICESTORM_LC_4$I3 budget 0.560000 ns (14,8) -> (14,9)
Info:                Sink $nextpnr_ICESTORM_LC_4.I3
Info:  0.3  4.5  Source $nextpnr_ICESTORM_LC_4.O
Info:  1.3  5.8    Net mult0.calc_3x[9] budget 81.408997 ns (14,9) -> (11,12)
Info:                Sink sign_mode_SB_DFFER_D_Q_SB_LUT4_I2_O_SB_LUT4_O_6_I1_SB_LUT4_O_I2_SB_LUT4_O_I0_SB_DFFER_Q_DFFLC.I0
Info:                Defined in:
Info:                  ../rtl/booth_radix8_multiplier_su_5_linear_146.v:172.17-176.6
Info:                  ../rtl/booth_radix8_multiplier_su_5_linear_146.v:38.33-38.40
Info:  0.5  6.2  Setup sign_mode_SB_DFFER_D_Q_SB_LUT4_I2_O_SB_LUT4_O_6_I1_SB_LUT4_O_I2_SB_LUT4_O_I0_SB_DFFER_Q_DFFLC.I0
Info: 1.9 ns logic, 4.3 ns routing

Info: Critical path report for cross-domain path 'posedge clk$SB_IO_IN_$glb_clk' -> '<async>':
Info: curr total
Info:  0.5  0.5  Source res_upper_SB_LUT4_O_12_LC.O
Info:  3.2  3.8    Net product[28]$SB_IO_OUT budget 82.792999 ns (13,12) -> (23,33)
Info:                Sink product[28]$sb_io.D_OUT_0
Info:                Defined in:
Info:                  ../rtl/booth_radix8_multiplier_su_5_linear_146.v:137.41-137.48
Info: 0.5 ns logic, 3.2 ns routing

Info: Max frequency for clock 'clk$SB_IO_IN_$glb_clk': 141.42 MHz (PASS at 12.00 MHz)

Info: Max delay <async>                       -> posedge clk$SB_IO_IN_$glb_clk: 6.22 ns
Info: Max delay posedge clk$SB_IO_IN_$glb_clk -> <async>                      : 3.77 ns

Info: Slack histogram:
Info:  legend: * represents 4 endpoint(s)
Info:          + represents [1,4) endpoint(s)
Info: [ 76262,  76543) |*+
Info: [ 76543,  76824) |+
Info: [ 76824,  77105) |*********+
Info: [ 77105,  77386) |***+
Info: [ 77386,  77667) |**+
Info: [ 77667,  77948) |***+
Info: [ 77948,  78229) |**********+
Info: [ 78229,  78510) |****+
Info: [ 78510,  78791) |***************+
Info: [ 78791,  79072) |******+
Info: [ 79072,  79353) |***********+
Info: [ 79353,  79634) |************+
Info: [ 79634,  79915) |******+
Info: [ 79915,  80196) |************************************************************ 
Info: [ 80196,  80477) |******+
Info: [ 80477,  80758) |**********+
Info: [ 80758,  81039) |*******+
Info: [ 81039,  81320) |********************+
Info: [ 81320,  81601) |******+
Info: [ 81601,  81882) |*******************+
1 warning, 0 errors

Info: Program finished normally.
