Warning: No PCF file specified; IO pins will be placed automatically

Info: Packing constants..
Info: Packing IOs..
Info: Packing LUT-FFs..
Info:      230 LCs used as LUT4 only
Info:      114 LCs used as LUT4 and DFF
Info: Packing non-LUT FFs..
Info:       87 LCs used as DFF only
Info: Packing carries..
Info:        3 LCs used as CARRY only
Info: Packing indirect carry+LUT pairs...
Info:        0 LUTs merged into carry LCs
Info: Packing RAMs..
Info: Placing PLLs..
Info: Packing special functions..
Info: Packing PLLs..
Info: Promoting globals..
Info: promoting clk$SB_IO_IN (fanout 201)
Info: promoting rst_n_SB_LUT4_I3_O [reset] (fanout 201)
Info: promoting busy_SB_LUT4_I0_O [cen] (fanout 32)
Info: promoting busy_SB_LUT4_I0_I2_SB_LUT4_I3_1_O [cen] (fanout 21)
Info: promoting busy_SB_LUT4_I0_I2_SB_LUT4_O_I1_SB_LUT4_I3_1_O [cen] (fanout 21)
Info: promoting busy_SB_LUT4_I0_I2_SB_LUT4_O_I2_SB_LUT4_I3_O [cen] (fanout 21)
Info: Constraining chains...
Info:        5 LCs used to legalise carry chains.
Info: Checksum: 0x1499a7c3

Info: Annotating ports with timing budgets for target frequency 12.00 MHz
Info: Checksum: 0xc2b08e2e

Info: Device utilisation:
Info: 	         ICESTORM_LC:   441/ 7680     5%
Info: 	        ICESTORM_RAM:     0/   32     0%
Info: 	               SB_IO:    71/  256    27%
Info: 	               SB_GB:     6/    8    75%
Info: 	        ICESTORM_PLL:     0/    2     0%
Info: 	         SB_WARMBOOT:     0/    1     0%

Info: Placed 0 cells based on constraints.
Info: Creating initial analytic placement for 363 cells, random placement wirelen = 14000.
Info:     at initial placer iter 0, wirelen = 1983
Info:     at initial placer iter 1, wirelen = 1785
Info:     at initial placer iter 2, wirelen = 1777
Info:     at initial placer iter 3, wirelen = 1762
Info: Running main analytical placer.
Info:     at iteration #1, type ALL: wirelen solved = 1750, spread = 2974, legal = 3187; time = 0.02s
Info:     at iteration #2, type ALL: wirelen solved = 1822, spread = 3003, legal = 3193; time = 0.02s
Info:     at iteration #3, type ALL: wirelen solved = 1838, spread = 2867, legal = 3033; time = 0.01s
Info:     at iteration #4, type ALL: wirelen solved = 1901, spread = 2926, legal = 3146; time = 0.02s
Info:     at iteration #5, type ALL: wirelen solved = 1900, spread = 3089, legal = 3282; time = 0.02s
Info:     at iteration #6, type ALL: wirelen solved = 2005, spread = 3014, legal = 3189; time = 0.01s
Info:     at iteration #7, type ALL: wirelen solved = 2064, spread = 3020, legal = 3330; time = 0.02s
Info:     at iteration #8, type ALL: wirelen solved = 2112, spread = 3245, legal = 3403; time = 0.01s
Info: HeAP Placer Time: 0.19s
Info:   of which solving equations: 0.12s
Info:   of which spreading cells: 0.01s
Info:   of which strict legalisation: 0.02s

Info: Running simulated annealing placer for refinement.
Info:   at iteration #1: temp = 0.000000, timing cost = 23, wirelen = 3033
Info:   at iteration #5: temp = 0.000000, timing cost = 55, wirelen = 2465
Info:   at iteration #10: temp = 0.000000, timing cost = 41, wirelen = 2353
Info:   at iteration #15: temp = 0.000000, timing cost = 37, wirelen = 2287
Info:   at iteration #19: temp = 0.000000, timing cost = 36, wirelen = 2249 
Info: SA placement time 0.27s

Info: Max frequency for clock 'clk$SB_IO_IN_$glb_clk': 117.01 MHz (PASS at 12.00 MHz)

Info: Max delay <async>                       -> posedge clk$SB_IO_IN_$glb_clk: 5.76 ns
Info: Max delay posedge clk$SB_IO_IN_$glb_clk -> <async>                      : 3.31 ns

Info: Slack histogram:
Info:  legend: * represents 2 endpoint(s)
Info:          + represents [1,2) endpoint(s)
Info: [ 74787,  75158) |****************+
Info: [ 75158,  75529) |**+
Info: [ 75529,  75900) |**********+
Info: [ 75900,  76271) |**********+
Info: [ 76271,  76642) |****+
Info: [ 76642,  77013) |****+
Info: [ 77013,  77384) |***+
Info: [ 77384,  77755) |*******+
Info: [ 77755,  78126) |******+
Info: [ 78126,  78497) |******************** 
Info: [ 78497,  78868) |**********************************+
Info: [ 78868,  79239) |************************************************************ 
Info: [ 79239,  79610) |*************************+
Info: [ 79610,  79981) |******************** 
Info: [ 79981,  80352) |**********************+
Info: [ 80352,  80723) |****************************+
Info: [ 80723,  81094) |****************************************+
Info: [ 81094,  81465) |******************+
Info: [ 81465,  81836) |*************************+
Info: [ 81836,  82207) |**************+
Info: Checksum: 0xc02b4080

Info: Routing..
Info: Setting up routing queue.
Info: Routing 1538 arcs.
Info:            |   (re-)routed arcs  |   delta    | remaining|       time spent     |
Info:    IterCnt |  w/ripup   wo/ripup |  w/r  wo/r |      arcs| batch(sec) total(sec)|
Info:       1000 |       61        885 |   61   885 |       620|       0.15       0.15|
Info:       1774 |      188       1517 |  127   632 |         0|       0.36       0.51|
Info: Routing complete.
Info: Router1 time 0.51s
Info: Checksum: 0x780baffc

Info: Critical path report for clock 'clk$SB_IO_IN_$glb_clk' (posedge -> posedge):
Info: curr total
Info:  0.5  0.5  Source res_upper_SB_LUT4_O_23_I1_SB_LUT4_I3_O_SB_LUT4_O_4_LC.O
Info:  1.3  1.8    Net res_upper_SB_LUT4_O_23_I1[0] budget 40.998001 ns (10,11) -> (13,10)
Info:                Sink res_upper_SB_LUT4_O_23_I1_SB_LUT4_I1_LC.I1
Info:                Defined in:
Info:                  /usr/local/bin/../share/yosys/ice40/cells_map.v:6.21-6.22
Info:  0.4  2.2  Source res_upper_SB_LUT4_O_23_I1_SB_LUT4_I1_LC.O
Info:  1.2  3.4    Net res_upper_SB_LUT4_O_15_I1[2] budget 40.998001 ns (13,10) -> (17,10)
Info:                Sink res_upper_SB_LUT4_O_15_LC.I2
Info:                Defined in:
Info:                  /usr/local/bin/../share/yosys/ice40/arith_map.v:62.5-70.4
Info:                  /usr/local/bin/../share/yosys/ice40/cells_map.v:6.21-6.22
Info:  0.2  3.7  Source res_upper_SB_LUT4_O_15_LC.COUT
Info:  0.0  3.7    Net res_upper_SB_LUT4_O_16_I1[3] budget 0.000000 ns (17,10) -> (17,10)
Info:                Sink res_upper_SB_LUT4_O_16_LC.CIN
Info:                Defined in:
Info:                  /usr/local/bin/../share/yosys/ice40/arith_map.v:62.5-70.4
Info:                  /usr/local/bin/../share/yosys/ice40/abc9_model.v:4.9-4.11
Info:  0.1  3.8  Source res_upper_SB_LUT4_O_16_LC.COUT
Info:  0.0  3.8    Net res_upper_SB_LUT4_O_17_I1[3] budget 0.000000 ns (17,10) -> (17,10)
Info:                Sink res_upper_SB_LUT4_O_17_LC.CIN
Info:                Defined in:
Info:                  /usr/local/bin/../share/yosys/ice40/arith_map.v:62.5-70.4
Info:                  /usr/local/bin/../share/yosys/ice40/abc9_model.v:4.9-4.11
Info:  0.1  3.9  Source res_upper_SB_LUT4_O_17_LC.COUT
Info:  0.0  3.9    Net res_upper_SB_LUT4_O_18_I1[3] budget 0.000000 ns (17,10) -> (17,10)
Info:                Sink res_upper_SB_LUT4_O_18_LC.CIN
Info:                Defined in:
Info:                  /usr/local/bin/../share/yosys/ice40/arith_map.v:62.5-70.4
Info:                  /usr/local/bin/../share/yosys/ice40/abc9_model.v:4.9-4.11
Info:  0.1  4.0  Source res_upper_SB_LUT4_O_18_LC.COUT
Info:  0.0  4.0    Net res_upper_SB_LUT4_O_19_I1[3] budget 0.000000 ns (17,10) -> (17,10)
Info:                Sink res_upper_SB_LUT4_O_19_LC.CIN
Info:                Defined in:
Info:                  /usr/local/bin/../share/yosys/ice40/arith_map.v:62.5-70.4
Info:                  /usr/local/bin/../share/yosys/ice40/abc9_model.v:4.9-4.11
Info:  0.1  4.2  Source res_upper_SB_LUT4_O_19_LC.COUT
Info:  0.0  4.2    Net res_upper_SB_LUT4_O_20_I1[3] budget 0.000000 ns (17,10) -> (17,10)
Info:                Sink res_upper_SB_LUT4_O_20_LC.CIN
Info:                Defined in:
Info:                  /usr/local/bin/../share/yosys/ice40/arith_map.v:62.5-70.4
Info:                  /usr/local/bin/../share/yosys/ice40/abc9_model.v:4.9-4.11
Info:  0.1  4.3  Source res_upper_SB_LUT4_O_20_LC.COUT
Info:  0.0  4.3    Net res_upper_SB_LUT4_O_21_I1[3] budget 0.000000 ns (17,10) -> (17,10)
Info:                Sink res_upper_SB_LUT4_O_21_LC.CIN
Info:                Defined in:
Info:                  /usr/local/bin/../share/yosys/ice40/arith_map.v:62.5-70.4
Info:                  /usr/local/bin/../share/yosys/ice40/abc9_model.v:4.9-4.11
Info:  0.1  4.4  Source res_upper_SB_LUT4_O_21_LC.COUT
Info:  0.0  4.4    Net res_upper_SB_LUT4_O_22_I1[3] budget 0.000000 ns (17,10) -> (17,10)
Info:                Sink res_upper_SB_LUT4_O_22_LC.CIN
Info:                Defined in:
Info:                  /usr/local/bin/../share/yosys/ice40/arith_map.v:62.5-70.4
Info:                  /usr/local/bin/../share/yosys/ice40/abc9_model.v:4.9-4.11
Info:  0.1  4.5  Source res_upper_SB_LUT4_O_22_LC.COUT
Info:  0.2  4.7    Net res_upper_SB_LUT4_O_1_I1[3] budget 0.190000 ns (17,10) -> (17,11)
Info:                Sink res_upper_SB_LUT4_O_1_LC.CIN
Info:                Defined in:
Info:                  /usr/local/bin/../share/yosys/ice40/arith_map.v:62.5-70.4
Info:                  /usr/local/bin/../share/yosys/ice40/abc9_model.v:4.9-4.11
Info:  0.1  4.9  Source res_upper_SB_LUT4_O_1_LC.COUT
Info:  0.0  4.9    Net res_upper_SB_LUT4_O_2_I1[3] budget 0.000000 ns (17,11) -> (17,11)
Info:                Sink res_upper_SB_LUT4_O_2_LC.CIN
Info:                Defined in:
Info:                  /usr/local/bin/../share/yosys/ice40/arith_map.v:62.5-70.4
Info:                  /usr/local/bin/../share/yosys/ice40/abc9_model.v:4.9-4.11
Info:  0.1  5.0  Source res_upper_SB_LUT4_O_2_LC.COUT
Info:  0.0  5.0    Net res_upper_SB_LUT4_O_3_I1[3] budget 0.000000 ns (17,11) -> (17,11)
Info:                Sink res_upper_SB_LUT4_O_3_LC.CIN
Info:                Defined in:
Info:                  /usr/local/bin/../share/yosys/ice40/arith_map.v:62.5-70.4
Info:                  /usr/local/bin/../share/yosys/ice40/abc9_model.v:4.9-4.11
Info:  0.1  5.1  Source res_upper_SB_LUT4_O_3_LC.COUT
Info:  0.0  5.1    Net res_upper_SB_LUT4_O_4_I1[3] budget 0.000000 ns (17,11) -> (17,11)
Info:                Sink res_upper_SB_LUT4_O_4_LC.CIN
Info:                Defined in:
Info:                  /usr/local/bin/../share/yosys/ice40/arith_map.v:62.5-70.4
Info:                  /usr/local/bin/../share/yosys/ice40/abc9_model.v:4.9-4.11
Info:  0.1  5.2  Source res_upper_SB_LUT4_O_4_LC.COUT
Info:  0.0  5.2    Net res_upper_SB_LUT4_O_5_I1[3] budget 0.000000 ns (17,11) -> (17,11)
Info:                Sink res_upper_SB_LUT4_O_5_LC.CIN
Info:                Defined in:
Info:                  /usr/local/bin/../share/yosys/ice40/arith_map.v:62.5-70.4
Info:                  /usr/local/bin/../share/yosys/ice40/abc9_model.v:4.9-4.11
Info:  0.1  5.4  Source res_upper_SB_LUT4_O_5_LC.COUT
Info:  0.0  5.4    Net res_upper_SB_LUT4_O_6_I1[3] budget 0.000000 ns (17,11) -> (17,11)
Info:                Sink res_upper_SB_LUT4_O_6_LC.CIN
Info:                Defined in:
Info:                  /usr/local/bin/../share/yosys/ice40/arith_map.v:62.5-70.4
Info:                  /usr/local/bin/../share/yosys/ice40/abc9_model.v:4.9-4.11
Info:  0.1  5.5  Source res_upper_SB_LUT4_O_6_LC.COUT
Info:  0.0  5.5    Net res_upper_SB_LUT4_O_7_I1[3] budget 0.000000 ns (17,11) -> (17,11)
Info:                Sink res_upper_SB_LUT4_O_7_LC.CIN
Info:                Defined in:
Info:                  /usr/local/bin/../share/yosys/ice40/arith_map.v:62.5-70.4
Info:                  /usr/local/bin/../share/yosys/ice40/abc9_model.v:4.9-4.11
Info:  0.1  5.6  Source res_upper_SB_LUT4_O_7_LC.COUT
Info:  0.0  5.6    Net res_upper_SB_LUT4_O_8_I1[3] budget 0.000000 ns (17,11) -> (17,11)
Info:                Sink res_upper_SB_LUT4_O_8_LC.CIN
Info:                Defined in:
Info:                  /usr/local/bin/../share/yosys/ice40/arith_map.v:62.5-70.4
Info:                  /usr/local/bin/../share/yosys/ice40/abc9_model.v:4.9-4.11
Info:  0.1  5.7  Source res_upper_SB_LUT4_O_8_LC.COUT
Info:  0.2  5.9    Net res_upper_SB_LUT4_O_9_I1[3] budget 0.190000 ns (17,11) -> (17,12)
Info:                Sink res_upper_SB_LUT4_O_9_LC.CIN
Info:                Defined in:
Info:                  /usr/local/bin/../share/yosys/ice40/arith_map.v:62.5-70.4
Info:                  /usr/local/bin/../share/yosys/ice40/abc9_model.v:4.9-4.11
Info:  0.1  6.1  Source res_upper_SB_LUT4_O_9_LC.COUT
Info:  0.0  6.1    Net res_upper_SB_LUT4_O_10_I1[3] budget 0.000000 ns (17,12) -> (17,12)
Info:                Sink res_upper_SB_LUT4_O_10_LC.CIN
Info:                Defined in:
Info:                  /usr/local/bin/../share/yosys/ice40/arith_map.v:62.5-70.4
Info:                  /usr/local/bin/../share/yosys/ice40/abc9_model.v:4.9-4.11
Info:  0.1  6.2  Source res_upper_SB_LUT4_O_10_LC.COUT
Info:  0.0  6.2    Net res_upper_SB_LUT4_O_11_I1[3] budget 0.000000 ns (17,12) -> (17,12)
Info:                Sink res_upper_SB_LUT4_O_11_LC.CIN
Info:                Defined in:
Info:                  /usr/local/bin/../share/yosys/ice40/arith_map.v:62.5-70.4
Info:                  /usr/local/bin/../share/yosys/ice40/abc9_model.v:4.9-4.11
Info:  0.1  6.3  Source res_upper_SB_LUT4_O_11_LC.COUT
Info:  0.0  6.3    Net res_upper_SB_LUT4_O_12_I1[3] budget 0.000000 ns (17,12) -> (17,12)
Info:                Sink res_upper_SB_LUT4_O_12_LC.CIN
Info:                Defined in:
Info:                  /usr/local/bin/../share/yosys/ice40/arith_map.v:62.5-70.4
Info:                  /usr/local/bin/../share/yosys/ice40/abc9_model.v:4.9-4.11
Info:  0.1  6.4  Source res_upper_SB_LUT4_O_12_LC.COUT
Info:  0.0  6.4    Net res_upper_SB_LUT4_O_13_I1[3] budget 0.000000 ns (17,12) -> (17,12)
Info:                Sink res_upper_SB_LUT4_O_13_LC.CIN
Info:                Defined in:
Info:                  /usr/local/bin/../share/yosys/ice40/arith_map.v:62.5-70.4
Info:                  /usr/local/bin/../share/yosys/ice40/abc9_model.v:4.9-4.11
Info:  0.1  6.6  Source res_upper_SB_LUT4_O_13_LC.COUT
Info:  0.0  6.6    Net res_upper_SB_LUT4_O_14_I1[3] budget 0.000000 ns (17,12) -> (17,12)
Info:                Sink res_upper_SB_LUT4_O_14_LC.CIN
Info:                Defined in:
Info:                  /usr/local/bin/../share/yosys/ice40/arith_map.v:62.5-70.4
Info:                  /usr/local/bin/../share/yosys/ice40/abc9_model.v:4.9-4.11
Info:  0.1  6.7  Source res_upper_SB_LUT4_O_14_LC.COUT
Info:  0.3  7.0    Net res_upper_SB_LUT4_O_I0[3] budget 0.260000 ns (17,12) -> (17,12)
Info:                Sink res_upper_SB_LUT4_O_LC.I3
Info:                Defined in:
Info:                  /usr/local/bin/../share/yosys/ice40/arith_map.v:62.5-70.4
Info:                  /usr/local/bin/../share/yosys/ice40/abc9_model.v:4.9-4.11
Info:  0.3  7.3  Setup res_upper_SB_LUT4_O_LC.I3
Info: 4.2 ns logic, 3.1 ns routing

Info: Critical path report for cross-domain path '<async>' -> 'posedge clk$SB_IO_IN_$glb_clk':
Info: curr total
Info:  0.0  0.0  Source multiplicand[15]$sb_io.D_IN_0
Info:  2.6  2.6    Net a_high[7] budget 27.136999 ns (33,19) -> (17,16)
Info:                Sink mult1.sign_bit_a_SB_LUT4_O_LC.I2
Info:                Defined in:
Info:                  ../rtl/booth_radix8_multiplier_su_5_linear_146.v:134.41-134.53
Info:  0.4  3.0  Source mult1.sign_bit_a_SB_LUT4_O_LC.O
Info:  0.9  3.9    Net mult1.calc_3x[10] budget 27.136000 ns (17,16) -> (14,16)
Info:                Sink mult1.calc_3x_SB_LUT4_O_8_LC.I1
Info:                Defined in:
Info:                  ../rtl/booth_radix8_multiplier_su_5_linear_146.v:178.17-182.6
Info:                  ../rtl/booth_radix8_multiplier_su_5_linear_146.v:34.10-34.20
Info:  0.3  4.1  Source mult1.calc_3x_SB_LUT4_O_8_LC.COUT
Info:  0.5  4.6    Net mult1.calc_3x_SB_LUT4_O_I3 budget 0.560000 ns (14,16) -> (14,17)
Info:                Sink mult1.calc_3x_SB_LUT4_O_LC.I3
Info:                Defined in:
Info:                  ../rtl/booth_radix8_multiplier_su_5_linear_146.v:166.17-170.6
Info:                  ../rtl/booth_radix8_multiplier_su_5_linear_146.v:38.43-38.82
Info:                  /usr/local/bin/../share/yosys/ice40/arith_map.v:62.5-70.4
Info:                  /usr/local/bin/../share/yosys/ice40/abc9_model.v:4.9-4.11
Info:  0.3  4.9  Source mult1.calc_3x_SB_LUT4_O_LC.O
Info:  0.6  5.5    Net mult1.calc_3x[9] budget 27.136000 ns (14,17) -> (14,17)
Info:                Sink mult1.sign_bit_a_SB_DFFER_D_Q_SB_LUT4_I0_3_O_SB_LUT4_O_I0_SB_DFFER_Q_1_DFFLC.I0
Info:                Defined in:
Info:                  ../rtl/booth_radix8_multiplier_su_5_linear_146.v:178.17-182.6
Info:                  ../rtl/booth_radix8_multiplier_su_5_linear_146.v:38.33-38.40
Info:  0.5  6.0  Setup mult1.sign_bit_a_SB_DFFER_D_Q_SB_LUT4_I0_3_O_SB_LUT4_O_I0_SB_DFFER_Q_1_DFFLC.I0
Info: 1.4 ns logic, 4.5 ns routing

Info: Critical path report for cross-domain path 'posedge clk$SB_IO_IN_$glb_clk' -> '<async>':
Info: curr total
Info:  0.5  0.5  Source res_upper_SB_LUT4_O_20_LC.O
Info:  3.1  3.7    Net product[14]$SB_IO_OUT budget 82.792999 ns (17,10) -> (20,33)
Info:                Sink product[14]$sb_io.D_OUT_0
Info:                Defined in:
Info:                  ../rtl/booth_radix8_multiplier_su_5_linear_146.v:137.41-137.48
Info: 0.5 ns logic, 3.1 ns routing

Info: Max frequency for clock 'clk$SB_IO_IN_$glb_clk': 137.08 MHz (PASS at 12.00 MHz)

Info: Max delay <async>                       -> posedge clk$SB_IO_IN_$glb_clk: 5.96 ns
Info: Max delay posedge clk$SB_IO_IN_$glb_clk -> <async>                      : 3.68 ns

Info: Slack histogram:
Info:  legend: * represents 4 endpoint(s)
Info:          + represents [1,4) endpoint(s)
Info: [ 76038,  76347) |+
Info: [ 76347,  76656) |+
Info: [ 76656,  76965) |**+
Info: [ 76965,  77274) |********+
Info: [ 77274,  77583) |***+
Info: [ 77583,  77892) |*************+
Info: [ 77892,  78201) |**********+
Info: [ 78201,  78510) |*****+
Info: [ 78510,  78819) |****+
Info: [ 78819,  79128) |***********+
Info: [ 79128,  79437) |***********+
Info: [ 79437,  79746) |**+
Info: [ 79746,  80055) |******+
Info: [ 80055,  80364) |*********+
Info: [ 80364,  80673) |*******+
Info: [ 80673,  80982) |************************************************************ 
Info: [ 80982,  81291) |*****************+
Info: [ 81291,  81600) |**+
Info: [ 81600,  81909) |*********************+
Info: [ 81909,  82218) |+
1 warning, 0 errors

Info: Program finished normally.
