Warning: No PCF file specified; IO pins will be placed automatically

Info: Packing constants..
Info: Packing IOs..
Info: Packing LUT-FFs..
Info:      182 LCs used as LUT4 only
Info:      131 LCs used as LUT4 and DFF
Info: Packing non-LUT FFs..
Info:      153 LCs used as DFF only
Info: Packing carries..
Info:        1 LCs used as CARRY only
Info: Packing indirect carry+LUT pairs...
Info:        0 LUTs merged into carry LCs
Info: Packing RAMs..
Info: Placing PLLs..
Info: Packing special functions..
Info: Packing PLLs..
Info: Promoting globals..
Info: promoting clk$SB_IO_IN (fanout 284)
Info: promoting rst_n_SB_LUT4_I3_O [reset] (fanout 284)
Info: promoting busy_SB_LUT4_O_I3_SB_LUT4_I1_1_O [cen] (fanout 50)
Info: promoting start$SB_IO_IN [cen] (fanout 34)
Info: promoting busy_SB_LUT4_O_I3[0] [cen] (fanout 32)
Info: promoting busy_SB_LUT4_O_I3_SB_LUT4_I1_1_I3_SB_LUT4_I3_O [cen] (fanout 21)
Info: Constraining chains...
Info:        5 LCs used to legalise carry chains.
Info: Checksum: 0x2b14dc14

Info: Annotating ports with timing budgets for target frequency 12.00 MHz
Info: Checksum: 0x39ac66cc

Info: Device utilisation:
Info: 	         ICESTORM_LC:   474/ 7680     6%
Info: 	        ICESTORM_RAM:     0/   32     0%
Info: 	               SB_IO:    71/  256    27%
Info: 	               SB_GB:     6/    8    75%
Info: 	        ICESTORM_PLL:     0/    2     0%
Info: 	         SB_WARMBOOT:     0/    1     0%

Info: Placed 0 cells based on constraints.
Info: Creating initial analytic placement for 378 cells, random placement wirelen = 14331.
Info:     at initial placer iter 0, wirelen = 1936
Info:     at initial placer iter 1, wirelen = 1852
Info:     at initial placer iter 2, wirelen = 1806
Info:     at initial placer iter 3, wirelen = 1774
Info: Running main analytical placer.
Info:     at iteration #1, type ALL: wirelen solved = 1770, spread = 3012, legal = 3381; time = 0.02s
Info:     at iteration #2, type ALL: wirelen solved = 1820, spread = 2995, legal = 3295; time = 0.02s
Info:     at iteration #3, type ALL: wirelen solved = 1869, spread = 2866, legal = 3333; time = 0.02s
Info:     at iteration #4, type ALL: wirelen solved = 1910, spread = 2803, legal = 3069; time = 0.01s
Info:     at iteration #5, type ALL: wirelen solved = 1972, spread = 2976, legal = 3197; time = 0.02s
Info:     at iteration #6, type ALL: wirelen solved = 2029, spread = 2844, legal = 3140; time = 0.01s
Info:     at iteration #7, type ALL: wirelen solved = 2006, spread = 3234, legal = 3453; time = 0.02s
Info:     at iteration #8, type ALL: wirelen solved = 2195, spread = 3117, legal = 3511; time = 0.02s
Info:     at iteration #9, type ALL: wirelen solved = 2214, spread = 3245, legal = 3408; time = 0.02s
Info: HeAP Placer Time: 0.22s
Info:   of which solving equations: 0.13s
Info:   of which spreading cells: 0.01s
Info:   of which strict legalisation: 0.04s

Info: Running simulated annealing placer for refinement.
Info:   at iteration #1: temp = 0.000000, timing cost = 32, wirelen = 3069
Info:   at iteration #5: temp = 0.000000, timing cost = 19, wirelen = 2445
Info:   at iteration #10: temp = 0.000000, timing cost = 17, wirelen = 2300
Info:   at iteration #13: temp = 0.000000, timing cost = 9, wirelen = 2267 
Info: SA placement time 0.21s

Info: Max frequency for clock 'clk$SB_IO_IN_$glb_clk': 112.06 MHz (PASS at 12.00 MHz)

Info: Max delay <async>                       -> posedge clk$SB_IO_IN_$glb_clk: 6.13 ns
Info: Max delay posedge clk$SB_IO_IN_$glb_clk -> <async>                      : 3.75 ns

Info: Slack histogram:
Info:  legend: * represents 3 endpoint(s)
Info:          + represents [1,3) endpoint(s)
Info: [ 74409,  74799) |****** 
Info: [ 74799,  75189) |* 
Info: [ 75189,  75579) | 
Info: [ 75579,  75969) | 
Info: [ 75969,  76359) | 
Info: [ 76359,  76749) |* 
Info: [ 76749,  77139) |** 
Info: [ 77139,  77529) |*****+
Info: [ 77529,  77919) |**********************************************+
Info: [ 77919,  78309) |************************************************************ 
Info: [ 78309,  78699) |*********************************+
Info: [ 78699,  79089) |****************+
Info: [ 79089,  79479) |**********+
Info: [ 79479,  79869) |******************** 
Info: [ 79869,  80259) |*******************+
Info: [ 80259,  80649) |************************+
Info: [ 80649,  81039) |*******************************************+
Info: [ 81039,  81429) |**************************************************+
Info: [ 81429,  81819) |************************************+
Info: [ 81819,  82209) |******** 
Info: Checksum: 0x0790a630

Info: Routing..
Info: Setting up routing queue.
Info: Routing 1648 arcs.
Info:            |   (re-)routed arcs  |   delta    | remaining|       time spent     |
Info:    IterCnt |  w/ripup   wo/ripup |  w/r  wo/r |      arcs| batch(sec) total(sec)|
Info:       1000 |       68        856 |   68   856 |       740|       0.20       0.20|
Info:       1881 |      188       1609 |  120   753 |         0|       0.32       0.52|
Info: Routing complete.
Info: Router1 time 0.52s
Info: Checksum: 0xa87d8c95

Info: Critical path report for clock 'clk$SB_IO_IN_$glb_clk' (posedge -> posedge):
Info: curr total
Info:  0.5  0.5  Source calc_sum_p1_p2_SB_LUT4_O_2_I1_SB_LUT4_I3_LC.O
Info:  1.3  1.8    Net calc_sum_p1_p2_SB_LUT4_O_10_I2_SB_LUT4_O_I2[1] budget 20.305000 ns (10,10) -> (12,11)
Info:                Sink mult1.sign_bit_a_SB_DFFER_D_Q_SB_LUT4_O_I2_SB_LUT4_O_LC.I1
Info:                Defined in:
Info:                  /usr/local/bin/../share/yosys/ice40/cells_map.v:6.21-6.22
Info:  0.4  2.2  Source mult1.sign_bit_a_SB_DFFER_D_Q_SB_LUT4_O_I2_SB_LUT4_O_LC.O
Info:  0.6  2.8    Net calc_sum_p1_p2_SB_LUT4_O_10_I2_SB_LUT4_O_I1[2] budget 20.305000 ns (12,11) -> (12,10)
Info:                Sink calc_sum_p1_p2_SB_LUT4_O_12_I2_SB_LUT4_O_I2_SB_LUT4_O_1_LC.I2
Info:                Defined in:
Info:                  /usr/local/bin/../share/yosys/ice40/cells_map.v:6.21-6.22
Info:  0.4  3.2  Source calc_sum_p1_p2_SB_LUT4_O_12_I2_SB_LUT4_O_I2_SB_LUT4_O_1_LC.O
Info:  0.6  3.8    Net calc_sum_p1_p2_SB_LUT4_O_12_I2_SB_LUT4_O_I2[2] budget 20.305000 ns (12,10) -> (12,9)
Info:                Sink calc_sum_p1_p2_SB_LUT4_O_12_I2_SB_LUT4_O_LC.I3
Info:                Defined in:
Info:                  /usr/local/bin/../share/yosys/ice40/cells_map.v:6.21-6.22
Info:  0.3  4.1  Source calc_sum_p1_p2_SB_LUT4_O_12_I2_SB_LUT4_O_LC.O
Info:  0.6  4.7    Net calc_sum_p1_p2_SB_LUT4_O_12_I2[1] budget 20.304001 ns (12,9) -> (11,10)
Info:                Sink calc_sum_p1_p2_SB_LUT4_O_12_I2_SB_LUT4_I1_LC.I1
Info:                Defined in:
Info:                  ../rtl/booth_radix8_multiplier_su_7_linear_155.v:162.17-166.6
Info:                  ../rtl/booth_radix8_multiplier_su_7_linear_155.v:70.47-70.103
Info:                  /usr/local/bin/../share/yosys/ice40/arith_map.v:62.5-70.4
Info:                  /usr/local/bin/../share/yosys/ice40/cells_map.v:6.21-6.22
Info:  0.3  4.9  Source calc_sum_p1_p2_SB_LUT4_O_12_I2_SB_LUT4_I1_LC.COUT
Info:  0.0  4.9    Net calc_sum_p1_p2_SB_LUT4_O_12_I2_SB_CARRY_I0_CO budget 0.000000 ns (11,10) -> (11,10)
Info:                Sink calc_sum_p1_p2_SB_LUT4_O_13_I2_SB_LUT4_I1_LC.CIN
Info:                Defined in:
Info:                  ../rtl/booth_radix8_multiplier_su_7_linear_155.v:162.17-166.6
Info:                  ../rtl/booth_radix8_multiplier_su_7_linear_155.v:70.47-70.103
Info:                  /usr/local/bin/../share/yosys/ice40/arith_map.v:62.5-70.4
Info:                  /usr/local/bin/../share/yosys/ice40/cells_map.v:6.21-6.22
Info:  0.1  5.1  Source calc_sum_p1_p2_SB_LUT4_O_13_I2_SB_LUT4_I1_LC.COUT
Info:  0.0  5.1    Net calc_sum_p1_p2_SB_LUT4_O_13_I2_SB_CARRY_I0_CO budget 0.000000 ns (11,10) -> (11,10)
Info:                Sink calc_sum_p1_p2_SB_LUT4_O_14_I2_SB_LUT4_I1_LC.CIN
Info:                Defined in:
Info:                  ../rtl/booth_radix8_multiplier_su_7_linear_155.v:162.17-166.6
Info:                  ../rtl/booth_radix8_multiplier_su_7_linear_155.v:70.47-70.103
Info:                  /usr/local/bin/../share/yosys/ice40/arith_map.v:62.5-70.4
Info:                  /usr/local/bin/../share/yosys/ice40/cells_map.v:6.21-6.22
Info:  0.1  5.2  Source calc_sum_p1_p2_SB_LUT4_O_14_I2_SB_LUT4_I1_LC.COUT
Info:  0.0  5.2    Net calc_sum_p1_p2_SB_LUT4_O_14_I2_SB_CARRY_I0_CO budget 0.000000 ns (11,10) -> (11,10)
Info:                Sink calc_sum_p1_p2_SB_LUT4_O_15_I2_SB_LUT4_I1_LC.CIN
Info:                Defined in:
Info:                  ../rtl/booth_radix8_multiplier_su_7_linear_155.v:162.17-166.6
Info:                  ../rtl/booth_radix8_multiplier_su_7_linear_155.v:70.47-70.103
Info:                  /usr/local/bin/../share/yosys/ice40/arith_map.v:62.5-70.4
Info:                  /usr/local/bin/../share/yosys/ice40/cells_map.v:6.21-6.22
Info:  0.1  5.3  Source calc_sum_p1_p2_SB_LUT4_O_15_I2_SB_LUT4_I1_LC.COUT
Info:  0.0  5.3    Net calc_sum_p1_p2_SB_LUT4_O_15_I2_SB_CARRY_I0_CO budget 0.000000 ns (11,10) -> (11,10)
Info:                Sink calc_sum_p1_p2_SB_LUT4_O_I1_SB_LUT4_I3_O_SB_LUT4_O_LC.CIN
Info:                Defined in:
Info:                  ../rtl/booth_radix8_multiplier_su_7_linear_155.v:162.17-166.6
Info:                  ../rtl/booth_radix8_multiplier_su_7_linear_155.v:70.47-70.103
Info:                  /usr/local/bin/../share/yosys/ice40/arith_map.v:62.5-70.4
Info:                  /usr/local/bin/../share/yosys/ice40/cells_map.v:6.21-6.22
Info:  0.1  5.4  Source calc_sum_p1_p2_SB_LUT4_O_I1_SB_LUT4_I3_O_SB_LUT4_O_LC.COUT
Info:  0.2  5.6    Net calc_sum_p1_p2_SB_LUT4_O_I1_SB_LUT4_I3_O_SB_LUT4_O_3_I1[3] budget 0.190000 ns (11,10) -> (11,11)
Info:                Sink calc_sum_p1_p2_SB_LUT4_O_I1_SB_LUT4_I3_O_SB_LUT4_O_3_LC.CIN
Info:                Defined in:
Info:                  ../rtl/booth_radix8_multiplier_su_7_linear_155.v:162.17-166.6
Info:                  ../rtl/booth_radix8_multiplier_su_7_linear_155.v:70.47-70.103
Info:                  /usr/local/bin/../share/yosys/ice40/arith_map.v:62.5-70.4
Info:                  /usr/local/bin/../share/yosys/ice40/abc9_model.v:4.9-4.11
Info:  0.1  5.8  Source calc_sum_p1_p2_SB_LUT4_O_I1_SB_LUT4_I3_O_SB_LUT4_O_3_LC.COUT
Info:  0.0  5.8    Net calc_sum_p1_p2_SB_LUT4_O_I1_SB_LUT4_I3_O_SB_LUT4_O_4_I1[3] budget 0.000000 ns (11,11) -> (11,11)
Info:                Sink calc_sum_p1_p2_SB_LUT4_O_I1_SB_LUT4_I3_O_SB_LUT4_O_4_LC.CIN
Info:                Defined in:
Info:                  ../rtl/booth_radix8_multiplier_su_7_linear_155.v:162.17-166.6
Info:                  ../rtl/booth_radix8_multiplier_su_7_linear_155.v:70.47-70.103
Info:                  /usr/local/bin/../share/yosys/ice40/arith_map.v:62.5-70.4
Info:                  /usr/local/bin/../share/yosys/ice40/abc9_model.v:4.9-4.11
Info:  0.1  5.9  Source calc_sum_p1_p2_SB_LUT4_O_I1_SB_LUT4_I3_O_SB_LUT4_O_4_LC.COUT
Info:  0.0  5.9    Net calc_sum_p1_p2_SB_LUT4_O_I1_SB_LUT4_I3_O_SB_LUT4_O_1_I3 budget 0.000000 ns (11,11) -> (11,11)
Info:                Sink calc_sum_p1_p2_SB_LUT4_O_I1_SB_LUT4_I3_O_SB_LUT4_O_1_LC.CIN
Info:                Defined in:
Info:                  ../rtl/booth_radix8_multiplier_su_7_linear_155.v:162.17-166.6
Info:                  ../rtl/booth_radix8_multiplier_su_7_linear_155.v:70.47-70.103
Info:                  /usr/local/bin/../share/yosys/ice40/arith_map.v:62.5-70.4
Info:                  /usr/local/bin/../share/yosys/ice40/cells_map.v:6.21-6.22
Info:  0.1  6.0  Source calc_sum_p1_p2_SB_LUT4_O_I1_SB_LUT4_I3_O_SB_LUT4_O_1_LC.COUT
Info:  0.3  6.3    Net calc_sum_p1_p2_SB_LUT4_O_I1_SB_LUT4_I3_O_SB_LUT4_O_2_I1[3] budget 0.260000 ns (11,11) -> (11,11)
Info:                Sink calc_sum_p1_p2_SB_LUT4_O_I1_SB_LUT4_I3_O_SB_LUT4_O_2_LC.I3
Info:                Defined in:
Info:                  ../rtl/booth_radix8_multiplier_su_7_linear_155.v:162.17-166.6
Info:                  ../rtl/booth_radix8_multiplier_su_7_linear_155.v:70.47-70.103
Info:                  /usr/local/bin/../share/yosys/ice40/arith_map.v:62.5-70.4
Info:                  /usr/local/bin/../share/yosys/ice40/abc9_model.v:4.9-4.11
Info:  0.3  6.6  Setup calc_sum_p1_p2_SB_LUT4_O_I1_SB_LUT4_I3_O_SB_LUT4_O_2_LC.I3
Info: 3.1 ns logic, 3.5 ns routing

Info: Critical path report for cross-domain path '<async>' -> 'posedge clk$SB_IO_IN_$glb_clk':
Info: curr total
Info:  0.0  0.0  Source start$sb_io.D_IN_0
Info:  2.5  2.5    Net start$SB_IO_IN budget 82.864998 ns (17,33) -> (17,7)
Info:                Sink busy_SB_LUT4_O_I3_SB_LUT4_I1_I2_SB_DFFR_Q_DFFLC.I0
Info:                Defined in:
Info:                  ../rtl/booth_radix8_multiplier_su_7_linear_155.v:110.41-110.46
Info:  0.5  3.0  Setup busy_SB_LUT4_O_I3_SB_LUT4_I1_I2_SB_DFFR_Q_DFFLC.I0
Info: 0.5 ns logic, 2.5 ns routing

Info: Critical path report for cross-domain path 'posedge clk$SB_IO_IN_$glb_clk' -> '<async>':
Info: curr total
Info:  0.5  0.5  Source pipe_valid_SB_DFFR_Q_DFFLC.O
Info:  1.6  2.1    Net busy_SB_LUT4_O_I3[0] budget 41.208000 ns (13,9) -> (16,5)
Info:                Sink busy_SB_LUT4_O_LC.I2
Info:                Defined in:
Info:                  ../rtl/booth_radix8_multiplier_su_7_linear_155.v:189.23-189.33
Info:  0.4  2.5  Source busy_SB_LUT4_O_LC.O
Info:  1.3  3.8    Net busy$SB_IO_OUT budget 41.207001 ns (16,5) -> (16,0)
Info:                Sink busy$sb_io.D_OUT_0
Info:                Defined in:
Info:                  ../rtl/booth_radix8_multiplier_su_7_linear_155.v:116.41-116.45
Info: 0.9 ns logic, 2.9 ns routing

Info: Max frequency for clock 'clk$SB_IO_IN_$glb_clk': 151.47 MHz (PASS at 12.00 MHz)

Info: Max delay <async>                       -> posedge clk$SB_IO_IN_$glb_clk: 2.95 ns
Info: Max delay posedge clk$SB_IO_IN_$glb_clk -> <async>                      : 3.84 ns

Info: Slack histogram:
Info:  legend: * represents 6 endpoint(s)
Info:          + represents [1,6) endpoint(s)
Info: [ 76731,  77005) |+
Info: [ 77005,  77279) |***+
Info: [ 77279,  77553) |*+
Info: [ 77553,  77827) |**+
Info: [ 77827,  78101) |*+
Info: [ 78101,  78375) |***+
Info: [ 78375,  78649) |***+
Info: [ 78649,  78923) |***** 
Info: [ 78923,  79197) |***********+
Info: [ 79197,  79471) |****************+
Info: [ 79471,  79745) |******+
Info: [ 79745,  80019) |***+
Info: [ 80019,  80293) |***** 
Info: [ 80293,  80567) |**+
Info: [ 80567,  80841) |*************+
Info: [ 80841,  81115) |************************************************************ 
Info: [ 81115,  81389) |****************+
Info: [ 81389,  81663) |******+
Info: [ 81663,  81937) |**********************+
Info: [ 81937,  82211) |+
1 warning, 0 errors

Info: Program finished normally.
